ARM GAS  /tmp//ccgFd49a.s 			page 1


   1              		.cpu cortex-m3
   2              		.arch armv7-m
   3              		.fpu softvfp
   4              		.eabi_attribute 20, 1
   5              		.eabi_attribute 21, 1
   6              		.eabi_attribute 23, 3
   7              		.eabi_attribute 24, 1
   8              		.eabi_attribute 25, 1
   9              		.eabi_attribute 26, 1
  10              		.eabi_attribute 30, 6
  11              		.eabi_attribute 34, 1
  12              		.eabi_attribute 18, 4
  13              		.file	"stm32f1xx_hal_exti.c"
  14              		.text
  15              	.Ltext0:
  16              		.cfi_sections	.debug_frame
  17              		.file 1 "Drivers/STM32F1xx_HAL_Driver/Src/stm32f1xx_hal_exti.c"
  18              		.section	.text.HAL_EXTI_SetConfigLine,"ax",%progbits
  19              		.align	1
  20              		.global	HAL_EXTI_SetConfigLine
  21              		.syntax unified
  22              		.thumb
  23              		.thumb_func
  25              	HAL_EXTI_SetConfigLine:
  26              	.LFB65:
   1:Drivers/STM32F1xx_HAL_Driver/Src/stm32f1xx_hal_exti.c **** /**
   2:Drivers/STM32F1xx_HAL_Driver/Src/stm32f1xx_hal_exti.c ****   ******************************************************************************
   3:Drivers/STM32F1xx_HAL_Driver/Src/stm32f1xx_hal_exti.c ****   * @file    stm32f1xx_hal_exti.c
   4:Drivers/STM32F1xx_HAL_Driver/Src/stm32f1xx_hal_exti.c ****   * @author  MCD Application Team
   5:Drivers/STM32F1xx_HAL_Driver/Src/stm32f1xx_hal_exti.c ****   * @brief   EXTI HAL module driver.
   6:Drivers/STM32F1xx_HAL_Driver/Src/stm32f1xx_hal_exti.c ****   *          This file provides firmware functions to manage the following
   7:Drivers/STM32F1xx_HAL_Driver/Src/stm32f1xx_hal_exti.c ****   *          functionalities of the Extended Interrupts and events controller (EXTI) peripheral:
   8:Drivers/STM32F1xx_HAL_Driver/Src/stm32f1xx_hal_exti.c ****   *           + Initialization and de-initialization functions
   9:Drivers/STM32F1xx_HAL_Driver/Src/stm32f1xx_hal_exti.c ****   *           + IO operation functions
  10:Drivers/STM32F1xx_HAL_Driver/Src/stm32f1xx_hal_exti.c ****   *
  11:Drivers/STM32F1xx_HAL_Driver/Src/stm32f1xx_hal_exti.c ****   ******************************************************************************
  12:Drivers/STM32F1xx_HAL_Driver/Src/stm32f1xx_hal_exti.c ****   * @attention
  13:Drivers/STM32F1xx_HAL_Driver/Src/stm32f1xx_hal_exti.c ****   *
  14:Drivers/STM32F1xx_HAL_Driver/Src/stm32f1xx_hal_exti.c ****   * Copyright (c) 2019 STMicroelectronics.
  15:Drivers/STM32F1xx_HAL_Driver/Src/stm32f1xx_hal_exti.c ****   * All rights reserved.
  16:Drivers/STM32F1xx_HAL_Driver/Src/stm32f1xx_hal_exti.c ****   *
  17:Drivers/STM32F1xx_HAL_Driver/Src/stm32f1xx_hal_exti.c ****   * This software is licensed under terms that can be found in the LICENSE file
  18:Drivers/STM32F1xx_HAL_Driver/Src/stm32f1xx_hal_exti.c ****   * in the root directory of this software component.
  19:Drivers/STM32F1xx_HAL_Driver/Src/stm32f1xx_hal_exti.c ****   * If no LICENSE file comes with this software, it is provided AS-IS.
  20:Drivers/STM32F1xx_HAL_Driver/Src/stm32f1xx_hal_exti.c ****   *
  21:Drivers/STM32F1xx_HAL_Driver/Src/stm32f1xx_hal_exti.c ****   ******************************************************************************
  22:Drivers/STM32F1xx_HAL_Driver/Src/stm32f1xx_hal_exti.c ****   @verbatim
  23:Drivers/STM32F1xx_HAL_Driver/Src/stm32f1xx_hal_exti.c ****   ==============================================================================
  24:Drivers/STM32F1xx_HAL_Driver/Src/stm32f1xx_hal_exti.c ****                     ##### EXTI Peripheral features #####
  25:Drivers/STM32F1xx_HAL_Driver/Src/stm32f1xx_hal_exti.c ****   ==============================================================================
  26:Drivers/STM32F1xx_HAL_Driver/Src/stm32f1xx_hal_exti.c ****   [..]
  27:Drivers/STM32F1xx_HAL_Driver/Src/stm32f1xx_hal_exti.c ****     (+) Each Exti line can be configured within this driver.
  28:Drivers/STM32F1xx_HAL_Driver/Src/stm32f1xx_hal_exti.c **** 
  29:Drivers/STM32F1xx_HAL_Driver/Src/stm32f1xx_hal_exti.c ****     (+) Exti line can be configured in 3 different modes
  30:Drivers/STM32F1xx_HAL_Driver/Src/stm32f1xx_hal_exti.c ****         (++) Interrupt
  31:Drivers/STM32F1xx_HAL_Driver/Src/stm32f1xx_hal_exti.c ****         (++) Event
  32:Drivers/STM32F1xx_HAL_Driver/Src/stm32f1xx_hal_exti.c ****         (++) Both of them
ARM GAS  /tmp//ccgFd49a.s 			page 2


  33:Drivers/STM32F1xx_HAL_Driver/Src/stm32f1xx_hal_exti.c **** 
  34:Drivers/STM32F1xx_HAL_Driver/Src/stm32f1xx_hal_exti.c ****     (+) Configurable Exti lines can be configured with 3 different triggers
  35:Drivers/STM32F1xx_HAL_Driver/Src/stm32f1xx_hal_exti.c ****         (++) Rising
  36:Drivers/STM32F1xx_HAL_Driver/Src/stm32f1xx_hal_exti.c ****         (++) Falling
  37:Drivers/STM32F1xx_HAL_Driver/Src/stm32f1xx_hal_exti.c ****         (++) Both of them
  38:Drivers/STM32F1xx_HAL_Driver/Src/stm32f1xx_hal_exti.c **** 
  39:Drivers/STM32F1xx_HAL_Driver/Src/stm32f1xx_hal_exti.c ****     (+) When set in interrupt mode, configurable Exti lines have two different
  40:Drivers/STM32F1xx_HAL_Driver/Src/stm32f1xx_hal_exti.c ****         interrupts pending registers which allow to distinguish which transition
  41:Drivers/STM32F1xx_HAL_Driver/Src/stm32f1xx_hal_exti.c ****         occurs:
  42:Drivers/STM32F1xx_HAL_Driver/Src/stm32f1xx_hal_exti.c ****         (++) Rising edge pending interrupt
  43:Drivers/STM32F1xx_HAL_Driver/Src/stm32f1xx_hal_exti.c ****         (++) Falling
  44:Drivers/STM32F1xx_HAL_Driver/Src/stm32f1xx_hal_exti.c **** 
  45:Drivers/STM32F1xx_HAL_Driver/Src/stm32f1xx_hal_exti.c ****     (+) Exti lines 0 to 15 are linked to gpio pin number 0 to 15. Gpio port can
  46:Drivers/STM32F1xx_HAL_Driver/Src/stm32f1xx_hal_exti.c ****         be selected through multiplexer.
  47:Drivers/STM32F1xx_HAL_Driver/Src/stm32f1xx_hal_exti.c **** 
  48:Drivers/STM32F1xx_HAL_Driver/Src/stm32f1xx_hal_exti.c ****                      ##### How to use this driver #####
  49:Drivers/STM32F1xx_HAL_Driver/Src/stm32f1xx_hal_exti.c ****   ==============================================================================
  50:Drivers/STM32F1xx_HAL_Driver/Src/stm32f1xx_hal_exti.c ****   [..]
  51:Drivers/STM32F1xx_HAL_Driver/Src/stm32f1xx_hal_exti.c **** 
  52:Drivers/STM32F1xx_HAL_Driver/Src/stm32f1xx_hal_exti.c ****     (#) Configure the EXTI line using HAL_EXTI_SetConfigLine().
  53:Drivers/STM32F1xx_HAL_Driver/Src/stm32f1xx_hal_exti.c ****         (++) Choose the interrupt line number by setting "Line" member from
  54:Drivers/STM32F1xx_HAL_Driver/Src/stm32f1xx_hal_exti.c ****              EXTI_ConfigTypeDef structure.
  55:Drivers/STM32F1xx_HAL_Driver/Src/stm32f1xx_hal_exti.c ****         (++) Configure the interrupt and/or event mode using "Mode" member from
  56:Drivers/STM32F1xx_HAL_Driver/Src/stm32f1xx_hal_exti.c ****              EXTI_ConfigTypeDef structure.
  57:Drivers/STM32F1xx_HAL_Driver/Src/stm32f1xx_hal_exti.c ****         (++) For configurable lines, configure rising and/or falling trigger
  58:Drivers/STM32F1xx_HAL_Driver/Src/stm32f1xx_hal_exti.c ****              "Trigger" member from EXTI_ConfigTypeDef structure.
  59:Drivers/STM32F1xx_HAL_Driver/Src/stm32f1xx_hal_exti.c ****         (++) For Exti lines linked to gpio, choose gpio port using "GPIOSel"
  60:Drivers/STM32F1xx_HAL_Driver/Src/stm32f1xx_hal_exti.c ****              member from GPIO_InitTypeDef structure.
  61:Drivers/STM32F1xx_HAL_Driver/Src/stm32f1xx_hal_exti.c **** 
  62:Drivers/STM32F1xx_HAL_Driver/Src/stm32f1xx_hal_exti.c ****     (#) Get current Exti configuration of a dedicated line using
  63:Drivers/STM32F1xx_HAL_Driver/Src/stm32f1xx_hal_exti.c ****         HAL_EXTI_GetConfigLine().
  64:Drivers/STM32F1xx_HAL_Driver/Src/stm32f1xx_hal_exti.c ****         (++) Provide exiting handle as parameter.
  65:Drivers/STM32F1xx_HAL_Driver/Src/stm32f1xx_hal_exti.c ****         (++) Provide pointer on EXTI_ConfigTypeDef structure as second parameter.
  66:Drivers/STM32F1xx_HAL_Driver/Src/stm32f1xx_hal_exti.c **** 
  67:Drivers/STM32F1xx_HAL_Driver/Src/stm32f1xx_hal_exti.c ****     (#) Clear Exti configuration of a dedicated line using HAL_EXTI_ClearConfigLine().
  68:Drivers/STM32F1xx_HAL_Driver/Src/stm32f1xx_hal_exti.c ****         (++) Provide exiting handle as parameter.
  69:Drivers/STM32F1xx_HAL_Driver/Src/stm32f1xx_hal_exti.c **** 
  70:Drivers/STM32F1xx_HAL_Driver/Src/stm32f1xx_hal_exti.c ****     (#) Register callback to treat Exti interrupts using HAL_EXTI_RegisterCallback().
  71:Drivers/STM32F1xx_HAL_Driver/Src/stm32f1xx_hal_exti.c ****         (++) Provide exiting handle as first parameter.
  72:Drivers/STM32F1xx_HAL_Driver/Src/stm32f1xx_hal_exti.c ****         (++) Provide which callback will be registered using one value from
  73:Drivers/STM32F1xx_HAL_Driver/Src/stm32f1xx_hal_exti.c ****              EXTI_CallbackIDTypeDef.
  74:Drivers/STM32F1xx_HAL_Driver/Src/stm32f1xx_hal_exti.c ****         (++) Provide callback function pointer.
  75:Drivers/STM32F1xx_HAL_Driver/Src/stm32f1xx_hal_exti.c **** 
  76:Drivers/STM32F1xx_HAL_Driver/Src/stm32f1xx_hal_exti.c ****     (#) Get interrupt pending bit using HAL_EXTI_GetPending().
  77:Drivers/STM32F1xx_HAL_Driver/Src/stm32f1xx_hal_exti.c **** 
  78:Drivers/STM32F1xx_HAL_Driver/Src/stm32f1xx_hal_exti.c ****     (#) Clear interrupt pending bit using HAL_EXTI_ClearPending().
  79:Drivers/STM32F1xx_HAL_Driver/Src/stm32f1xx_hal_exti.c **** 
  80:Drivers/STM32F1xx_HAL_Driver/Src/stm32f1xx_hal_exti.c ****     (#) Generate software interrupt using HAL_EXTI_GenerateSWI().
  81:Drivers/STM32F1xx_HAL_Driver/Src/stm32f1xx_hal_exti.c **** 
  82:Drivers/STM32F1xx_HAL_Driver/Src/stm32f1xx_hal_exti.c ****   @endverbatim
  83:Drivers/STM32F1xx_HAL_Driver/Src/stm32f1xx_hal_exti.c ****   */
  84:Drivers/STM32F1xx_HAL_Driver/Src/stm32f1xx_hal_exti.c **** 
  85:Drivers/STM32F1xx_HAL_Driver/Src/stm32f1xx_hal_exti.c **** /* Includes ------------------------------------------------------------------*/
  86:Drivers/STM32F1xx_HAL_Driver/Src/stm32f1xx_hal_exti.c **** #include "stm32f1xx_hal.h"
  87:Drivers/STM32F1xx_HAL_Driver/Src/stm32f1xx_hal_exti.c **** 
  88:Drivers/STM32F1xx_HAL_Driver/Src/stm32f1xx_hal_exti.c **** /** @addtogroup STM32F1xx_HAL_Driver
  89:Drivers/STM32F1xx_HAL_Driver/Src/stm32f1xx_hal_exti.c ****   * @{
ARM GAS  /tmp//ccgFd49a.s 			page 3


  90:Drivers/STM32F1xx_HAL_Driver/Src/stm32f1xx_hal_exti.c ****   */
  91:Drivers/STM32F1xx_HAL_Driver/Src/stm32f1xx_hal_exti.c **** 
  92:Drivers/STM32F1xx_HAL_Driver/Src/stm32f1xx_hal_exti.c **** /** @addtogroup EXTI
  93:Drivers/STM32F1xx_HAL_Driver/Src/stm32f1xx_hal_exti.c ****   * @{
  94:Drivers/STM32F1xx_HAL_Driver/Src/stm32f1xx_hal_exti.c ****   */
  95:Drivers/STM32F1xx_HAL_Driver/Src/stm32f1xx_hal_exti.c **** /** MISRA C:2012 deviation rule has been granted for following rule:
  96:Drivers/STM32F1xx_HAL_Driver/Src/stm32f1xx_hal_exti.c ****   * Rule-18.1_b - Medium: Array `EXTICR' 1st subscript interval [0,7] may be out
  97:Drivers/STM32F1xx_HAL_Driver/Src/stm32f1xx_hal_exti.c ****   * of bounds [0,3] in following API :
  98:Drivers/STM32F1xx_HAL_Driver/Src/stm32f1xx_hal_exti.c ****   * HAL_EXTI_SetConfigLine
  99:Drivers/STM32F1xx_HAL_Driver/Src/stm32f1xx_hal_exti.c ****   * HAL_EXTI_GetConfigLine
 100:Drivers/STM32F1xx_HAL_Driver/Src/stm32f1xx_hal_exti.c ****   * HAL_EXTI_ClearConfigLine
 101:Drivers/STM32F1xx_HAL_Driver/Src/stm32f1xx_hal_exti.c ****   */
 102:Drivers/STM32F1xx_HAL_Driver/Src/stm32f1xx_hal_exti.c **** 
 103:Drivers/STM32F1xx_HAL_Driver/Src/stm32f1xx_hal_exti.c **** #ifdef HAL_EXTI_MODULE_ENABLED
 104:Drivers/STM32F1xx_HAL_Driver/Src/stm32f1xx_hal_exti.c **** 
 105:Drivers/STM32F1xx_HAL_Driver/Src/stm32f1xx_hal_exti.c **** /* Private typedef -----------------------------------------------------------*/
 106:Drivers/STM32F1xx_HAL_Driver/Src/stm32f1xx_hal_exti.c **** /* Private defines -----------------------------------------------------------*/
 107:Drivers/STM32F1xx_HAL_Driver/Src/stm32f1xx_hal_exti.c **** /** @defgroup EXTI_Private_Constants EXTI Private Constants
 108:Drivers/STM32F1xx_HAL_Driver/Src/stm32f1xx_hal_exti.c ****   * @{
 109:Drivers/STM32F1xx_HAL_Driver/Src/stm32f1xx_hal_exti.c ****   */
 110:Drivers/STM32F1xx_HAL_Driver/Src/stm32f1xx_hal_exti.c **** 
 111:Drivers/STM32F1xx_HAL_Driver/Src/stm32f1xx_hal_exti.c **** /**
 112:Drivers/STM32F1xx_HAL_Driver/Src/stm32f1xx_hal_exti.c ****   * @}
 113:Drivers/STM32F1xx_HAL_Driver/Src/stm32f1xx_hal_exti.c ****   */
 114:Drivers/STM32F1xx_HAL_Driver/Src/stm32f1xx_hal_exti.c **** 
 115:Drivers/STM32F1xx_HAL_Driver/Src/stm32f1xx_hal_exti.c **** /* Private macros ------------------------------------------------------------*/
 116:Drivers/STM32F1xx_HAL_Driver/Src/stm32f1xx_hal_exti.c **** /* Private variables ---------------------------------------------------------*/
 117:Drivers/STM32F1xx_HAL_Driver/Src/stm32f1xx_hal_exti.c **** /* Private function prototypes -----------------------------------------------*/
 118:Drivers/STM32F1xx_HAL_Driver/Src/stm32f1xx_hal_exti.c **** /* Exported functions --------------------------------------------------------*/
 119:Drivers/STM32F1xx_HAL_Driver/Src/stm32f1xx_hal_exti.c **** 
 120:Drivers/STM32F1xx_HAL_Driver/Src/stm32f1xx_hal_exti.c **** /** @addtogroup EXTI_Exported_Functions
 121:Drivers/STM32F1xx_HAL_Driver/Src/stm32f1xx_hal_exti.c ****   * @{
 122:Drivers/STM32F1xx_HAL_Driver/Src/stm32f1xx_hal_exti.c ****   */
 123:Drivers/STM32F1xx_HAL_Driver/Src/stm32f1xx_hal_exti.c **** 
 124:Drivers/STM32F1xx_HAL_Driver/Src/stm32f1xx_hal_exti.c **** /** @addtogroup EXTI_Exported_Functions_Group1
 125:Drivers/STM32F1xx_HAL_Driver/Src/stm32f1xx_hal_exti.c ****   *  @brief    Configuration functions
 126:Drivers/STM32F1xx_HAL_Driver/Src/stm32f1xx_hal_exti.c ****   *
 127:Drivers/STM32F1xx_HAL_Driver/Src/stm32f1xx_hal_exti.c **** @verbatim
 128:Drivers/STM32F1xx_HAL_Driver/Src/stm32f1xx_hal_exti.c ****  ===============================================================================
 129:Drivers/STM32F1xx_HAL_Driver/Src/stm32f1xx_hal_exti.c ****               ##### Configuration functions #####
 130:Drivers/STM32F1xx_HAL_Driver/Src/stm32f1xx_hal_exti.c ****  ===============================================================================
 131:Drivers/STM32F1xx_HAL_Driver/Src/stm32f1xx_hal_exti.c **** 
 132:Drivers/STM32F1xx_HAL_Driver/Src/stm32f1xx_hal_exti.c **** @endverbatim
 133:Drivers/STM32F1xx_HAL_Driver/Src/stm32f1xx_hal_exti.c ****   * @{
 134:Drivers/STM32F1xx_HAL_Driver/Src/stm32f1xx_hal_exti.c ****   */
 135:Drivers/STM32F1xx_HAL_Driver/Src/stm32f1xx_hal_exti.c **** 
 136:Drivers/STM32F1xx_HAL_Driver/Src/stm32f1xx_hal_exti.c **** /**
 137:Drivers/STM32F1xx_HAL_Driver/Src/stm32f1xx_hal_exti.c ****   * @brief  Set configuration of a dedicated Exti line.
 138:Drivers/STM32F1xx_HAL_Driver/Src/stm32f1xx_hal_exti.c ****   * @param  hexti Exti handle.
 139:Drivers/STM32F1xx_HAL_Driver/Src/stm32f1xx_hal_exti.c ****   * @param  pExtiConfig Pointer on EXTI configuration to be set.
 140:Drivers/STM32F1xx_HAL_Driver/Src/stm32f1xx_hal_exti.c ****   * @retval HAL Status.
 141:Drivers/STM32F1xx_HAL_Driver/Src/stm32f1xx_hal_exti.c ****   */
 142:Drivers/STM32F1xx_HAL_Driver/Src/stm32f1xx_hal_exti.c **** HAL_StatusTypeDef HAL_EXTI_SetConfigLine(EXTI_HandleTypeDef *hexti, EXTI_ConfigTypeDef *pExtiConfig
 143:Drivers/STM32F1xx_HAL_Driver/Src/stm32f1xx_hal_exti.c **** {
  27              		.loc 1 143 1
  28              		.cfi_startproc
  29              		@ args = 0, pretend = 0, frame = 24
ARM GAS  /tmp//ccgFd49a.s 			page 4


  30              		@ frame_needed = 1, uses_anonymous_args = 0
  31              		@ link register save eliminated.
  32 0000 80B4     		push	{r7}
  33              	.LCFI0:
  34              		.cfi_def_cfa_offset 4
  35              		.cfi_offset 7, -4
  36 0002 87B0     		sub	sp, sp, #28
  37              	.LCFI1:
  38              		.cfi_def_cfa_offset 32
  39 0004 00AF     		add	r7, sp, #0
  40              	.LCFI2:
  41              		.cfi_def_cfa_register 7
  42 0006 7860     		str	r0, [r7, #4]
  43 0008 3960     		str	r1, [r7]
 144:Drivers/STM32F1xx_HAL_Driver/Src/stm32f1xx_hal_exti.c ****   uint32_t regval;
 145:Drivers/STM32F1xx_HAL_Driver/Src/stm32f1xx_hal_exti.c ****   uint32_t linepos;
 146:Drivers/STM32F1xx_HAL_Driver/Src/stm32f1xx_hal_exti.c ****   uint32_t maskline;
 147:Drivers/STM32F1xx_HAL_Driver/Src/stm32f1xx_hal_exti.c **** 
 148:Drivers/STM32F1xx_HAL_Driver/Src/stm32f1xx_hal_exti.c ****   /* Check null pointer */
 149:Drivers/STM32F1xx_HAL_Driver/Src/stm32f1xx_hal_exti.c ****   if ((hexti == NULL) || (pExtiConfig == NULL))
  44              		.loc 1 149 6
  45 000a 7B68     		ldr	r3, [r7, #4]
  46 000c 002B     		cmp	r3, #0
  47 000e 02D0     		beq	.L2
  48              		.loc 1 149 23 discriminator 1
  49 0010 3B68     		ldr	r3, [r7]
  50 0012 002B     		cmp	r3, #0
  51 0014 01D1     		bne	.L3
  52              	.L2:
 150:Drivers/STM32F1xx_HAL_Driver/Src/stm32f1xx_hal_exti.c ****   {
 151:Drivers/STM32F1xx_HAL_Driver/Src/stm32f1xx_hal_exti.c ****     return HAL_ERROR;
  53              		.loc 1 151 12
  54 0016 0123     		movs	r3, #1
  55 0018 8FE0     		b	.L4
  56              	.L3:
 152:Drivers/STM32F1xx_HAL_Driver/Src/stm32f1xx_hal_exti.c ****   }
 153:Drivers/STM32F1xx_HAL_Driver/Src/stm32f1xx_hal_exti.c **** 
 154:Drivers/STM32F1xx_HAL_Driver/Src/stm32f1xx_hal_exti.c ****   /* Check parameters */
 155:Drivers/STM32F1xx_HAL_Driver/Src/stm32f1xx_hal_exti.c ****   assert_param(IS_EXTI_LINE(pExtiConfig->Line));
 156:Drivers/STM32F1xx_HAL_Driver/Src/stm32f1xx_hal_exti.c ****   assert_param(IS_EXTI_MODE(pExtiConfig->Mode));
 157:Drivers/STM32F1xx_HAL_Driver/Src/stm32f1xx_hal_exti.c **** 
 158:Drivers/STM32F1xx_HAL_Driver/Src/stm32f1xx_hal_exti.c ****   /* Assign line number to handle */
 159:Drivers/STM32F1xx_HAL_Driver/Src/stm32f1xx_hal_exti.c ****   hexti->Line = pExtiConfig->Line;
  57              		.loc 1 159 28
  58 001a 3B68     		ldr	r3, [r7]
  59 001c 1A68     		ldr	r2, [r3]
  60              		.loc 1 159 15
  61 001e 7B68     		ldr	r3, [r7, #4]
  62 0020 1A60     		str	r2, [r3]
 160:Drivers/STM32F1xx_HAL_Driver/Src/stm32f1xx_hal_exti.c **** 
 161:Drivers/STM32F1xx_HAL_Driver/Src/stm32f1xx_hal_exti.c ****   /* Compute line mask */
 162:Drivers/STM32F1xx_HAL_Driver/Src/stm32f1xx_hal_exti.c ****   linepos = (pExtiConfig->Line & EXTI_PIN_MASK);
  63              		.loc 1 162 25
  64 0022 3B68     		ldr	r3, [r7]
  65 0024 1B68     		ldr	r3, [r3]
  66              		.loc 1 162 11
  67 0026 03F01F03 		and	r3, r3, #31
ARM GAS  /tmp//ccgFd49a.s 			page 5


  68 002a 7B61     		str	r3, [r7, #20]
 163:Drivers/STM32F1xx_HAL_Driver/Src/stm32f1xx_hal_exti.c ****   maskline = (1uL << linepos);
  69              		.loc 1 163 12
  70 002c 0122     		movs	r2, #1
  71 002e 7B69     		ldr	r3, [r7, #20]
  72 0030 02FA03F3 		lsl	r3, r2, r3
  73 0034 3B61     		str	r3, [r7, #16]
 164:Drivers/STM32F1xx_HAL_Driver/Src/stm32f1xx_hal_exti.c **** 
 165:Drivers/STM32F1xx_HAL_Driver/Src/stm32f1xx_hal_exti.c ****   /* Configure triggers for configurable lines */
 166:Drivers/STM32F1xx_HAL_Driver/Src/stm32f1xx_hal_exti.c ****   if ((pExtiConfig->Line & EXTI_CONFIG) != 0x00u)
  74              		.loc 1 166 19
  75 0036 3B68     		ldr	r3, [r7]
  76 0038 1B68     		ldr	r3, [r3]
  77              		.loc 1 166 26
  78 003a 03F00073 		and	r3, r3, #33554432
  79              		.loc 1 166 6
  80 003e 002B     		cmp	r3, #0
  81 0040 52D0     		beq	.L5
 167:Drivers/STM32F1xx_HAL_Driver/Src/stm32f1xx_hal_exti.c ****   {
 168:Drivers/STM32F1xx_HAL_Driver/Src/stm32f1xx_hal_exti.c ****     assert_param(IS_EXTI_TRIGGER(pExtiConfig->Trigger));
 169:Drivers/STM32F1xx_HAL_Driver/Src/stm32f1xx_hal_exti.c **** 
 170:Drivers/STM32F1xx_HAL_Driver/Src/stm32f1xx_hal_exti.c ****     /* Configure rising trigger */
 171:Drivers/STM32F1xx_HAL_Driver/Src/stm32f1xx_hal_exti.c ****     /* Mask or set line */
 172:Drivers/STM32F1xx_HAL_Driver/Src/stm32f1xx_hal_exti.c ****     if ((pExtiConfig->Trigger & EXTI_TRIGGER_RISING) != 0x00u)
  82              		.loc 1 172 21
  83 0042 3B68     		ldr	r3, [r7]
  84 0044 9B68     		ldr	r3, [r3, #8]
  85              		.loc 1 172 31
  86 0046 03F00103 		and	r3, r3, #1
  87              		.loc 1 172 8
  88 004a 002B     		cmp	r3, #0
  89 004c 06D0     		beq	.L6
 173:Drivers/STM32F1xx_HAL_Driver/Src/stm32f1xx_hal_exti.c ****     {
 174:Drivers/STM32F1xx_HAL_Driver/Src/stm32f1xx_hal_exti.c ****       EXTI->RTSR |= maskline;
  90              		.loc 1 174 11
  91 004e 3D4B     		ldr	r3, .L14
  92 0050 9A68     		ldr	r2, [r3, #8]
  93 0052 3C49     		ldr	r1, .L14
  94              		.loc 1 174 18
  95 0054 3B69     		ldr	r3, [r7, #16]
  96 0056 1343     		orrs	r3, r3, r2
  97 0058 8B60     		str	r3, [r1, #8]
  98 005a 06E0     		b	.L7
  99              	.L6:
 175:Drivers/STM32F1xx_HAL_Driver/Src/stm32f1xx_hal_exti.c ****     }
 176:Drivers/STM32F1xx_HAL_Driver/Src/stm32f1xx_hal_exti.c ****     else
 177:Drivers/STM32F1xx_HAL_Driver/Src/stm32f1xx_hal_exti.c ****     {
 178:Drivers/STM32F1xx_HAL_Driver/Src/stm32f1xx_hal_exti.c ****       EXTI->RTSR &= ~maskline;
 100              		.loc 1 178 11
 101 005c 394B     		ldr	r3, .L14
 102 005e 9A68     		ldr	r2, [r3, #8]
 103              		.loc 1 178 21
 104 0060 3B69     		ldr	r3, [r7, #16]
 105 0062 DB43     		mvns	r3, r3
 106              		.loc 1 178 11
 107 0064 3749     		ldr	r1, .L14
 108              		.loc 1 178 18
ARM GAS  /tmp//ccgFd49a.s 			page 6


 109 0066 1340     		ands	r3, r3, r2
 110 0068 8B60     		str	r3, [r1, #8]
 111              	.L7:
 179:Drivers/STM32F1xx_HAL_Driver/Src/stm32f1xx_hal_exti.c ****     }
 180:Drivers/STM32F1xx_HAL_Driver/Src/stm32f1xx_hal_exti.c **** 
 181:Drivers/STM32F1xx_HAL_Driver/Src/stm32f1xx_hal_exti.c ****     /* Configure falling trigger */
 182:Drivers/STM32F1xx_HAL_Driver/Src/stm32f1xx_hal_exti.c ****     /* Mask or set line */
 183:Drivers/STM32F1xx_HAL_Driver/Src/stm32f1xx_hal_exti.c ****     if ((pExtiConfig->Trigger & EXTI_TRIGGER_FALLING) != 0x00u)
 112              		.loc 1 183 21
 113 006a 3B68     		ldr	r3, [r7]
 114 006c 9B68     		ldr	r3, [r3, #8]
 115              		.loc 1 183 31
 116 006e 03F00203 		and	r3, r3, #2
 117              		.loc 1 183 8
 118 0072 002B     		cmp	r3, #0
 119 0074 06D0     		beq	.L8
 184:Drivers/STM32F1xx_HAL_Driver/Src/stm32f1xx_hal_exti.c ****     {
 185:Drivers/STM32F1xx_HAL_Driver/Src/stm32f1xx_hal_exti.c ****       EXTI->FTSR |= maskline;
 120              		.loc 1 185 11
 121 0076 334B     		ldr	r3, .L14
 122 0078 DA68     		ldr	r2, [r3, #12]
 123 007a 3249     		ldr	r1, .L14
 124              		.loc 1 185 18
 125 007c 3B69     		ldr	r3, [r7, #16]
 126 007e 1343     		orrs	r3, r3, r2
 127 0080 CB60     		str	r3, [r1, #12]
 128 0082 06E0     		b	.L9
 129              	.L8:
 186:Drivers/STM32F1xx_HAL_Driver/Src/stm32f1xx_hal_exti.c ****     }
 187:Drivers/STM32F1xx_HAL_Driver/Src/stm32f1xx_hal_exti.c ****     else
 188:Drivers/STM32F1xx_HAL_Driver/Src/stm32f1xx_hal_exti.c ****     {
 189:Drivers/STM32F1xx_HAL_Driver/Src/stm32f1xx_hal_exti.c ****       EXTI->FTSR &= ~maskline;
 130              		.loc 1 189 11
 131 0084 2F4B     		ldr	r3, .L14
 132 0086 DA68     		ldr	r2, [r3, #12]
 133              		.loc 1 189 21
 134 0088 3B69     		ldr	r3, [r7, #16]
 135 008a DB43     		mvns	r3, r3
 136              		.loc 1 189 11
 137 008c 2D49     		ldr	r1, .L14
 138              		.loc 1 189 18
 139 008e 1340     		ands	r3, r3, r2
 140 0090 CB60     		str	r3, [r1, #12]
 141              	.L9:
 190:Drivers/STM32F1xx_HAL_Driver/Src/stm32f1xx_hal_exti.c ****     }
 191:Drivers/STM32F1xx_HAL_Driver/Src/stm32f1xx_hal_exti.c **** 
 192:Drivers/STM32F1xx_HAL_Driver/Src/stm32f1xx_hal_exti.c **** 
 193:Drivers/STM32F1xx_HAL_Driver/Src/stm32f1xx_hal_exti.c ****     /* Configure gpio port selection in case of gpio exti line */
 194:Drivers/STM32F1xx_HAL_Driver/Src/stm32f1xx_hal_exti.c ****     if ((pExtiConfig->Line & EXTI_GPIO) == EXTI_GPIO)
 142              		.loc 1 194 21
 143 0092 3B68     		ldr	r3, [r7]
 144 0094 1B68     		ldr	r3, [r3]
 145              		.loc 1 194 28
 146 0096 03F0C063 		and	r3, r3, #100663296
 147              		.loc 1 194 8
 148 009a B3F1C06F 		cmp	r3, #100663296
 149 009e 23D1     		bne	.L5
ARM GAS  /tmp//ccgFd49a.s 			page 7


 195:Drivers/STM32F1xx_HAL_Driver/Src/stm32f1xx_hal_exti.c ****     {
 196:Drivers/STM32F1xx_HAL_Driver/Src/stm32f1xx_hal_exti.c ****       assert_param(IS_EXTI_GPIO_PORT(pExtiConfig->GPIOSel));
 197:Drivers/STM32F1xx_HAL_Driver/Src/stm32f1xx_hal_exti.c ****       assert_param(IS_EXTI_GPIO_PIN(linepos));
 198:Drivers/STM32F1xx_HAL_Driver/Src/stm32f1xx_hal_exti.c ****       
 199:Drivers/STM32F1xx_HAL_Driver/Src/stm32f1xx_hal_exti.c ****       regval = AFIO->EXTICR[linepos >> 2u];
 150              		.loc 1 199 20
 151 00a0 294A     		ldr	r2, .L14+4
 152              		.loc 1 199 37
 153 00a2 7B69     		ldr	r3, [r7, #20]
 154 00a4 9B08     		lsrs	r3, r3, #2
 155              		.loc 1 199 14
 156 00a6 0233     		adds	r3, r3, #2
 157 00a8 52F82330 		ldr	r3, [r2, r3, lsl #2]
 158 00ac FB60     		str	r3, [r7, #12]
 200:Drivers/STM32F1xx_HAL_Driver/Src/stm32f1xx_hal_exti.c ****       regval &= ~(AFIO_EXTICR1_EXTI0 << (AFIO_EXTICR1_EXTI1_Pos * (linepos & 0x03u)));
 159              		.loc 1 200 76
 160 00ae 7B69     		ldr	r3, [r7, #20]
 161 00b0 03F00303 		and	r3, r3, #3
 162              		.loc 1 200 65
 163 00b4 9B00     		lsls	r3, r3, #2
 164              		.loc 1 200 38
 165 00b6 0F22     		movs	r2, #15
 166 00b8 02FA03F3 		lsl	r3, r2, r3
 167              		.loc 1 200 17
 168 00bc DB43     		mvns	r3, r3
 169              		.loc 1 200 14
 170 00be FA68     		ldr	r2, [r7, #12]
 171 00c0 1340     		ands	r3, r3, r2
 172 00c2 FB60     		str	r3, [r7, #12]
 201:Drivers/STM32F1xx_HAL_Driver/Src/stm32f1xx_hal_exti.c ****       regval |= (pExtiConfig->GPIOSel << (AFIO_EXTICR1_EXTI1_Pos * (linepos & 0x03u)));
 173              		.loc 1 201 29
 174 00c4 3B68     		ldr	r3, [r7]
 175 00c6 DA68     		ldr	r2, [r3, #12]
 176              		.loc 1 201 77
 177 00c8 7B69     		ldr	r3, [r7, #20]
 178 00ca 03F00303 		and	r3, r3, #3
 179              		.loc 1 201 66
 180 00ce 9B00     		lsls	r3, r3, #2
 181              		.loc 1 201 39
 182 00d0 02FA03F3 		lsl	r3, r2, r3
 183              		.loc 1 201 14
 184 00d4 FA68     		ldr	r2, [r7, #12]
 185 00d6 1343     		orrs	r3, r3, r2
 186 00d8 FB60     		str	r3, [r7, #12]
 202:Drivers/STM32F1xx_HAL_Driver/Src/stm32f1xx_hal_exti.c ****       AFIO->EXTICR[linepos >> 2u] = regval;
 187              		.loc 1 202 11
 188 00da 1B49     		ldr	r1, .L14+4
 189              		.loc 1 202 28
 190 00dc 7B69     		ldr	r3, [r7, #20]
 191 00de 9B08     		lsrs	r3, r3, #2
 192              		.loc 1 202 35
 193 00e0 0233     		adds	r3, r3, #2
 194 00e2 FA68     		ldr	r2, [r7, #12]
 195 00e4 41F82320 		str	r2, [r1, r3, lsl #2]
 196              	.L5:
 203:Drivers/STM32F1xx_HAL_Driver/Src/stm32f1xx_hal_exti.c ****     }
 204:Drivers/STM32F1xx_HAL_Driver/Src/stm32f1xx_hal_exti.c ****   }
ARM GAS  /tmp//ccgFd49a.s 			page 8


 205:Drivers/STM32F1xx_HAL_Driver/Src/stm32f1xx_hal_exti.c **** 
 206:Drivers/STM32F1xx_HAL_Driver/Src/stm32f1xx_hal_exti.c ****   /* Configure interrupt mode : read current mode */
 207:Drivers/STM32F1xx_HAL_Driver/Src/stm32f1xx_hal_exti.c ****   /* Mask or set line */
 208:Drivers/STM32F1xx_HAL_Driver/Src/stm32f1xx_hal_exti.c ****   if ((pExtiConfig->Mode & EXTI_MODE_INTERRUPT) != 0x00u)
 197              		.loc 1 208 19
 198 00e8 3B68     		ldr	r3, [r7]
 199 00ea 5B68     		ldr	r3, [r3, #4]
 200              		.loc 1 208 26
 201 00ec 03F00103 		and	r3, r3, #1
 202              		.loc 1 208 6
 203 00f0 002B     		cmp	r3, #0
 204 00f2 06D0     		beq	.L10
 209:Drivers/STM32F1xx_HAL_Driver/Src/stm32f1xx_hal_exti.c ****   {
 210:Drivers/STM32F1xx_HAL_Driver/Src/stm32f1xx_hal_exti.c ****     EXTI->IMR |= maskline;
 205              		.loc 1 210 9
 206 00f4 134B     		ldr	r3, .L14
 207 00f6 1A68     		ldr	r2, [r3]
 208 00f8 1249     		ldr	r1, .L14
 209              		.loc 1 210 15
 210 00fa 3B69     		ldr	r3, [r7, #16]
 211 00fc 1343     		orrs	r3, r3, r2
 212 00fe 0B60     		str	r3, [r1]
 213 0100 06E0     		b	.L11
 214              	.L10:
 211:Drivers/STM32F1xx_HAL_Driver/Src/stm32f1xx_hal_exti.c ****   }
 212:Drivers/STM32F1xx_HAL_Driver/Src/stm32f1xx_hal_exti.c ****   else
 213:Drivers/STM32F1xx_HAL_Driver/Src/stm32f1xx_hal_exti.c ****   {
 214:Drivers/STM32F1xx_HAL_Driver/Src/stm32f1xx_hal_exti.c ****     EXTI->IMR &= ~maskline;
 215              		.loc 1 214 9
 216 0102 104B     		ldr	r3, .L14
 217 0104 1A68     		ldr	r2, [r3]
 218              		.loc 1 214 18
 219 0106 3B69     		ldr	r3, [r7, #16]
 220 0108 DB43     		mvns	r3, r3
 221              		.loc 1 214 9
 222 010a 0E49     		ldr	r1, .L14
 223              		.loc 1 214 15
 224 010c 1340     		ands	r3, r3, r2
 225 010e 0B60     		str	r3, [r1]
 226              	.L11:
 215:Drivers/STM32F1xx_HAL_Driver/Src/stm32f1xx_hal_exti.c ****   }
 216:Drivers/STM32F1xx_HAL_Driver/Src/stm32f1xx_hal_exti.c **** 
 217:Drivers/STM32F1xx_HAL_Driver/Src/stm32f1xx_hal_exti.c ****   /* Configure event mode : read current mode */
 218:Drivers/STM32F1xx_HAL_Driver/Src/stm32f1xx_hal_exti.c ****   /* Mask or set line */
 219:Drivers/STM32F1xx_HAL_Driver/Src/stm32f1xx_hal_exti.c ****   if ((pExtiConfig->Mode & EXTI_MODE_EVENT) != 0x00u)
 227              		.loc 1 219 19
 228 0110 3B68     		ldr	r3, [r7]
 229 0112 5B68     		ldr	r3, [r3, #4]
 230              		.loc 1 219 26
 231 0114 03F00203 		and	r3, r3, #2
 232              		.loc 1 219 6
 233 0118 002B     		cmp	r3, #0
 234 011a 06D0     		beq	.L12
 220:Drivers/STM32F1xx_HAL_Driver/Src/stm32f1xx_hal_exti.c ****   {
 221:Drivers/STM32F1xx_HAL_Driver/Src/stm32f1xx_hal_exti.c ****     EXTI->EMR |= maskline;
 235              		.loc 1 221 9
 236 011c 094B     		ldr	r3, .L14
ARM GAS  /tmp//ccgFd49a.s 			page 9


 237 011e 5A68     		ldr	r2, [r3, #4]
 238 0120 0849     		ldr	r1, .L14
 239              		.loc 1 221 15
 240 0122 3B69     		ldr	r3, [r7, #16]
 241 0124 1343     		orrs	r3, r3, r2
 242 0126 4B60     		str	r3, [r1, #4]
 243 0128 06E0     		b	.L13
 244              	.L12:
 222:Drivers/STM32F1xx_HAL_Driver/Src/stm32f1xx_hal_exti.c ****   }
 223:Drivers/STM32F1xx_HAL_Driver/Src/stm32f1xx_hal_exti.c ****   else
 224:Drivers/STM32F1xx_HAL_Driver/Src/stm32f1xx_hal_exti.c ****   {
 225:Drivers/STM32F1xx_HAL_Driver/Src/stm32f1xx_hal_exti.c ****     EXTI->EMR &= ~maskline;
 245              		.loc 1 225 9
 246 012a 064B     		ldr	r3, .L14
 247 012c 5A68     		ldr	r2, [r3, #4]
 248              		.loc 1 225 18
 249 012e 3B69     		ldr	r3, [r7, #16]
 250 0130 DB43     		mvns	r3, r3
 251              		.loc 1 225 9
 252 0132 0449     		ldr	r1, .L14
 253              		.loc 1 225 15
 254 0134 1340     		ands	r3, r3, r2
 255 0136 4B60     		str	r3, [r1, #4]
 256              	.L13:
 226:Drivers/STM32F1xx_HAL_Driver/Src/stm32f1xx_hal_exti.c ****   }
 227:Drivers/STM32F1xx_HAL_Driver/Src/stm32f1xx_hal_exti.c **** 
 228:Drivers/STM32F1xx_HAL_Driver/Src/stm32f1xx_hal_exti.c ****   return HAL_OK;
 257              		.loc 1 228 10
 258 0138 0023     		movs	r3, #0
 259              	.L4:
 229:Drivers/STM32F1xx_HAL_Driver/Src/stm32f1xx_hal_exti.c **** }
 260              		.loc 1 229 1
 261 013a 1846     		mov	r0, r3
 262 013c 1C37     		adds	r7, r7, #28
 263              	.LCFI3:
 264              		.cfi_def_cfa_offset 4
 265 013e BD46     		mov	sp, r7
 266              	.LCFI4:
 267              		.cfi_def_cfa_register 13
 268              		@ sp needed
 269 0140 80BC     		pop	{r7}
 270              	.LCFI5:
 271              		.cfi_restore 7
 272              		.cfi_def_cfa_offset 0
 273 0142 7047     		bx	lr
 274              	.L15:
 275              		.align	2
 276              	.L14:
 277 0144 00040140 		.word	1073808384
 278 0148 00000140 		.word	1073807360
 279              		.cfi_endproc
 280              	.LFE65:
 282              		.section	.text.HAL_EXTI_GetConfigLine,"ax",%progbits
 283              		.align	1
 284              		.global	HAL_EXTI_GetConfigLine
 285              		.syntax unified
 286              		.thumb
ARM GAS  /tmp//ccgFd49a.s 			page 10


 287              		.thumb_func
 289              	HAL_EXTI_GetConfigLine:
 290              	.LFB66:
 230:Drivers/STM32F1xx_HAL_Driver/Src/stm32f1xx_hal_exti.c **** 
 231:Drivers/STM32F1xx_HAL_Driver/Src/stm32f1xx_hal_exti.c **** /**
 232:Drivers/STM32F1xx_HAL_Driver/Src/stm32f1xx_hal_exti.c ****   * @brief  Get configuration of a dedicated Exti line.
 233:Drivers/STM32F1xx_HAL_Driver/Src/stm32f1xx_hal_exti.c ****   * @param  hexti Exti handle.
 234:Drivers/STM32F1xx_HAL_Driver/Src/stm32f1xx_hal_exti.c ****   * @param  pExtiConfig Pointer on structure to store Exti configuration.
 235:Drivers/STM32F1xx_HAL_Driver/Src/stm32f1xx_hal_exti.c ****   * @retval HAL Status.
 236:Drivers/STM32F1xx_HAL_Driver/Src/stm32f1xx_hal_exti.c ****   */
 237:Drivers/STM32F1xx_HAL_Driver/Src/stm32f1xx_hal_exti.c **** HAL_StatusTypeDef HAL_EXTI_GetConfigLine(EXTI_HandleTypeDef *hexti, EXTI_ConfigTypeDef *pExtiConfig
 238:Drivers/STM32F1xx_HAL_Driver/Src/stm32f1xx_hal_exti.c **** {
 291              		.loc 1 238 1
 292              		.cfi_startproc
 293              		@ args = 0, pretend = 0, frame = 24
 294              		@ frame_needed = 1, uses_anonymous_args = 0
 295              		@ link register save eliminated.
 296 0000 80B4     		push	{r7}
 297              	.LCFI6:
 298              		.cfi_def_cfa_offset 4
 299              		.cfi_offset 7, -4
 300 0002 87B0     		sub	sp, sp, #28
 301              	.LCFI7:
 302              		.cfi_def_cfa_offset 32
 303 0004 00AF     		add	r7, sp, #0
 304              	.LCFI8:
 305              		.cfi_def_cfa_register 7
 306 0006 7860     		str	r0, [r7, #4]
 307 0008 3960     		str	r1, [r7]
 239:Drivers/STM32F1xx_HAL_Driver/Src/stm32f1xx_hal_exti.c ****   uint32_t regval;
 240:Drivers/STM32F1xx_HAL_Driver/Src/stm32f1xx_hal_exti.c ****   uint32_t linepos;
 241:Drivers/STM32F1xx_HAL_Driver/Src/stm32f1xx_hal_exti.c ****   uint32_t maskline;
 242:Drivers/STM32F1xx_HAL_Driver/Src/stm32f1xx_hal_exti.c **** 
 243:Drivers/STM32F1xx_HAL_Driver/Src/stm32f1xx_hal_exti.c ****   /* Check null pointer */
 244:Drivers/STM32F1xx_HAL_Driver/Src/stm32f1xx_hal_exti.c ****   if ((hexti == NULL) || (pExtiConfig == NULL))
 308              		.loc 1 244 6
 309 000a 7B68     		ldr	r3, [r7, #4]
 310 000c 002B     		cmp	r3, #0
 311 000e 02D0     		beq	.L17
 312              		.loc 1 244 23 discriminator 1
 313 0010 3B68     		ldr	r3, [r7]
 314 0012 002B     		cmp	r3, #0
 315 0014 01D1     		bne	.L18
 316              	.L17:
 245:Drivers/STM32F1xx_HAL_Driver/Src/stm32f1xx_hal_exti.c ****   {
 246:Drivers/STM32F1xx_HAL_Driver/Src/stm32f1xx_hal_exti.c ****     return HAL_ERROR;
 317              		.loc 1 246 12
 318 0016 0123     		movs	r3, #1
 319 0018 61E0     		b	.L19
 320              	.L18:
 247:Drivers/STM32F1xx_HAL_Driver/Src/stm32f1xx_hal_exti.c ****   }
 248:Drivers/STM32F1xx_HAL_Driver/Src/stm32f1xx_hal_exti.c **** 
 249:Drivers/STM32F1xx_HAL_Driver/Src/stm32f1xx_hal_exti.c ****   /* Check the parameter */
 250:Drivers/STM32F1xx_HAL_Driver/Src/stm32f1xx_hal_exti.c ****   assert_param(IS_EXTI_LINE(hexti->Line));
 251:Drivers/STM32F1xx_HAL_Driver/Src/stm32f1xx_hal_exti.c **** 
 252:Drivers/STM32F1xx_HAL_Driver/Src/stm32f1xx_hal_exti.c ****   /* Store handle line number to configuration structure */
 253:Drivers/STM32F1xx_HAL_Driver/Src/stm32f1xx_hal_exti.c ****   pExtiConfig->Line = hexti->Line;
ARM GAS  /tmp//ccgFd49a.s 			page 11


 321              		.loc 1 253 28
 322 001a 7B68     		ldr	r3, [r7, #4]
 323 001c 1A68     		ldr	r2, [r3]
 324              		.loc 1 253 21
 325 001e 3B68     		ldr	r3, [r7]
 326 0020 1A60     		str	r2, [r3]
 254:Drivers/STM32F1xx_HAL_Driver/Src/stm32f1xx_hal_exti.c **** 
 255:Drivers/STM32F1xx_HAL_Driver/Src/stm32f1xx_hal_exti.c ****   /* Compute line mask */
 256:Drivers/STM32F1xx_HAL_Driver/Src/stm32f1xx_hal_exti.c ****   linepos = (pExtiConfig->Line & EXTI_PIN_MASK);
 327              		.loc 1 256 25
 328 0022 3B68     		ldr	r3, [r7]
 329 0024 1B68     		ldr	r3, [r3]
 330              		.loc 1 256 11
 331 0026 03F01F03 		and	r3, r3, #31
 332 002a 7B61     		str	r3, [r7, #20]
 257:Drivers/STM32F1xx_HAL_Driver/Src/stm32f1xx_hal_exti.c ****   maskline = (1uL << linepos);
 333              		.loc 1 257 12
 334 002c 0122     		movs	r2, #1
 335 002e 7B69     		ldr	r3, [r7, #20]
 336 0030 02FA03F3 		lsl	r3, r2, r3
 337 0034 3B61     		str	r3, [r7, #16]
 258:Drivers/STM32F1xx_HAL_Driver/Src/stm32f1xx_hal_exti.c **** 
 259:Drivers/STM32F1xx_HAL_Driver/Src/stm32f1xx_hal_exti.c ****   /* 1] Get core mode : interrupt */
 260:Drivers/STM32F1xx_HAL_Driver/Src/stm32f1xx_hal_exti.c **** 
 261:Drivers/STM32F1xx_HAL_Driver/Src/stm32f1xx_hal_exti.c ****   /* Check if selected line is enable */
 262:Drivers/STM32F1xx_HAL_Driver/Src/stm32f1xx_hal_exti.c ****   if ((EXTI->IMR & maskline) != 0x00u)
 338              		.loc 1 262 12
 339 0036 2C4B     		ldr	r3, .L26
 340 0038 1A68     		ldr	r2, [r3]
 341              		.loc 1 262 18
 342 003a 3B69     		ldr	r3, [r7, #16]
 343 003c 1340     		ands	r3, r3, r2
 344              		.loc 1 262 6
 345 003e 002B     		cmp	r3, #0
 346 0040 03D0     		beq	.L20
 263:Drivers/STM32F1xx_HAL_Driver/Src/stm32f1xx_hal_exti.c ****   {
 264:Drivers/STM32F1xx_HAL_Driver/Src/stm32f1xx_hal_exti.c ****     pExtiConfig->Mode = EXTI_MODE_INTERRUPT;
 347              		.loc 1 264 23
 348 0042 3B68     		ldr	r3, [r7]
 349 0044 0122     		movs	r2, #1
 350 0046 5A60     		str	r2, [r3, #4]
 351 0048 02E0     		b	.L21
 352              	.L20:
 265:Drivers/STM32F1xx_HAL_Driver/Src/stm32f1xx_hal_exti.c ****   }
 266:Drivers/STM32F1xx_HAL_Driver/Src/stm32f1xx_hal_exti.c ****   else
 267:Drivers/STM32F1xx_HAL_Driver/Src/stm32f1xx_hal_exti.c ****   {
 268:Drivers/STM32F1xx_HAL_Driver/Src/stm32f1xx_hal_exti.c ****     pExtiConfig->Mode = EXTI_MODE_NONE;
 353              		.loc 1 268 23
 354 004a 3B68     		ldr	r3, [r7]
 355 004c 0022     		movs	r2, #0
 356 004e 5A60     		str	r2, [r3, #4]
 357              	.L21:
 269:Drivers/STM32F1xx_HAL_Driver/Src/stm32f1xx_hal_exti.c ****   }
 270:Drivers/STM32F1xx_HAL_Driver/Src/stm32f1xx_hal_exti.c **** 
 271:Drivers/STM32F1xx_HAL_Driver/Src/stm32f1xx_hal_exti.c ****   /* Get event mode */
 272:Drivers/STM32F1xx_HAL_Driver/Src/stm32f1xx_hal_exti.c ****   /* Check if selected line is enable */
 273:Drivers/STM32F1xx_HAL_Driver/Src/stm32f1xx_hal_exti.c ****   if ((EXTI->EMR & maskline) != 0x00u)
ARM GAS  /tmp//ccgFd49a.s 			page 12


 358              		.loc 1 273 12
 359 0050 254B     		ldr	r3, .L26
 360 0052 5A68     		ldr	r2, [r3, #4]
 361              		.loc 1 273 18
 362 0054 3B69     		ldr	r3, [r7, #16]
 363 0056 1340     		ands	r3, r3, r2
 364              		.loc 1 273 6
 365 0058 002B     		cmp	r3, #0
 366 005a 05D0     		beq	.L22
 274:Drivers/STM32F1xx_HAL_Driver/Src/stm32f1xx_hal_exti.c ****   {
 275:Drivers/STM32F1xx_HAL_Driver/Src/stm32f1xx_hal_exti.c ****     pExtiConfig->Mode |= EXTI_MODE_EVENT;
 367              		.loc 1 275 16
 368 005c 3B68     		ldr	r3, [r7]
 369 005e 5B68     		ldr	r3, [r3, #4]
 370              		.loc 1 275 23
 371 0060 43F00202 		orr	r2, r3, #2
 372 0064 3B68     		ldr	r3, [r7]
 373 0066 5A60     		str	r2, [r3, #4]
 374              	.L22:
 276:Drivers/STM32F1xx_HAL_Driver/Src/stm32f1xx_hal_exti.c ****   }
 277:Drivers/STM32F1xx_HAL_Driver/Src/stm32f1xx_hal_exti.c **** 
 278:Drivers/STM32F1xx_HAL_Driver/Src/stm32f1xx_hal_exti.c ****   /* Get default Trigger and GPIOSel configuration */
 279:Drivers/STM32F1xx_HAL_Driver/Src/stm32f1xx_hal_exti.c ****   pExtiConfig->Trigger = EXTI_TRIGGER_NONE;
 375              		.loc 1 279 24
 376 0068 3B68     		ldr	r3, [r7]
 377 006a 0022     		movs	r2, #0
 378 006c 9A60     		str	r2, [r3, #8]
 280:Drivers/STM32F1xx_HAL_Driver/Src/stm32f1xx_hal_exti.c ****   pExtiConfig->GPIOSel = 0x00u;
 379              		.loc 1 280 24
 380 006e 3B68     		ldr	r3, [r7]
 381 0070 0022     		movs	r2, #0
 382 0072 DA60     		str	r2, [r3, #12]
 281:Drivers/STM32F1xx_HAL_Driver/Src/stm32f1xx_hal_exti.c **** 
 282:Drivers/STM32F1xx_HAL_Driver/Src/stm32f1xx_hal_exti.c ****   /* 2] Get trigger for configurable lines : rising */
 283:Drivers/STM32F1xx_HAL_Driver/Src/stm32f1xx_hal_exti.c ****   if ((pExtiConfig->Line & EXTI_CONFIG) != 0x00u)
 383              		.loc 1 283 19
 384 0074 3B68     		ldr	r3, [r7]
 385 0076 1B68     		ldr	r3, [r3]
 386              		.loc 1 283 26
 387 0078 03F00073 		and	r3, r3, #33554432
 388              		.loc 1 283 6
 389 007c 002B     		cmp	r3, #0
 390 007e 2DD0     		beq	.L23
 284:Drivers/STM32F1xx_HAL_Driver/Src/stm32f1xx_hal_exti.c ****   {
 285:Drivers/STM32F1xx_HAL_Driver/Src/stm32f1xx_hal_exti.c ****     /* Check if configuration of selected line is enable */
 286:Drivers/STM32F1xx_HAL_Driver/Src/stm32f1xx_hal_exti.c ****     if ((EXTI->RTSR & maskline) != 0x00u)
 391              		.loc 1 286 14
 392 0080 194B     		ldr	r3, .L26
 393 0082 9A68     		ldr	r2, [r3, #8]
 394              		.loc 1 286 21
 395 0084 3B69     		ldr	r3, [r7, #16]
 396 0086 1340     		ands	r3, r3, r2
 397              		.loc 1 286 8
 398 0088 002B     		cmp	r3, #0
 399 008a 02D0     		beq	.L24
 287:Drivers/STM32F1xx_HAL_Driver/Src/stm32f1xx_hal_exti.c ****     {
 288:Drivers/STM32F1xx_HAL_Driver/Src/stm32f1xx_hal_exti.c ****       pExtiConfig->Trigger = EXTI_TRIGGER_RISING;
ARM GAS  /tmp//ccgFd49a.s 			page 13


 400              		.loc 1 288 28
 401 008c 3B68     		ldr	r3, [r7]
 402 008e 0122     		movs	r2, #1
 403 0090 9A60     		str	r2, [r3, #8]
 404              	.L24:
 289:Drivers/STM32F1xx_HAL_Driver/Src/stm32f1xx_hal_exti.c ****     }
 290:Drivers/STM32F1xx_HAL_Driver/Src/stm32f1xx_hal_exti.c **** 
 291:Drivers/STM32F1xx_HAL_Driver/Src/stm32f1xx_hal_exti.c ****     /* Get falling configuration */
 292:Drivers/STM32F1xx_HAL_Driver/Src/stm32f1xx_hal_exti.c ****     /* Check if configuration of selected line is enable */
 293:Drivers/STM32F1xx_HAL_Driver/Src/stm32f1xx_hal_exti.c ****     if ((EXTI->FTSR & maskline) != 0x00u)
 405              		.loc 1 293 14
 406 0092 154B     		ldr	r3, .L26
 407 0094 DA68     		ldr	r2, [r3, #12]
 408              		.loc 1 293 21
 409 0096 3B69     		ldr	r3, [r7, #16]
 410 0098 1340     		ands	r3, r3, r2
 411              		.loc 1 293 8
 412 009a 002B     		cmp	r3, #0
 413 009c 05D0     		beq	.L25
 294:Drivers/STM32F1xx_HAL_Driver/Src/stm32f1xx_hal_exti.c ****     {
 295:Drivers/STM32F1xx_HAL_Driver/Src/stm32f1xx_hal_exti.c ****       pExtiConfig->Trigger |= EXTI_TRIGGER_FALLING;
 414              		.loc 1 295 18
 415 009e 3B68     		ldr	r3, [r7]
 416 00a0 9B68     		ldr	r3, [r3, #8]
 417              		.loc 1 295 28
 418 00a2 43F00202 		orr	r2, r3, #2
 419 00a6 3B68     		ldr	r3, [r7]
 420 00a8 9A60     		str	r2, [r3, #8]
 421              	.L25:
 296:Drivers/STM32F1xx_HAL_Driver/Src/stm32f1xx_hal_exti.c ****     }
 297:Drivers/STM32F1xx_HAL_Driver/Src/stm32f1xx_hal_exti.c **** 
 298:Drivers/STM32F1xx_HAL_Driver/Src/stm32f1xx_hal_exti.c ****     /* Get Gpio port selection for gpio lines */
 299:Drivers/STM32F1xx_HAL_Driver/Src/stm32f1xx_hal_exti.c ****     if ((pExtiConfig->Line & EXTI_GPIO) == EXTI_GPIO)
 422              		.loc 1 299 21
 423 00aa 3B68     		ldr	r3, [r7]
 424 00ac 1B68     		ldr	r3, [r3]
 425              		.loc 1 299 28
 426 00ae 03F0C063 		and	r3, r3, #100663296
 427              		.loc 1 299 8
 428 00b2 B3F1C06F 		cmp	r3, #100663296
 429 00b6 11D1     		bne	.L23
 300:Drivers/STM32F1xx_HAL_Driver/Src/stm32f1xx_hal_exti.c ****     {
 301:Drivers/STM32F1xx_HAL_Driver/Src/stm32f1xx_hal_exti.c ****       assert_param(IS_EXTI_GPIO_PIN(linepos));
 302:Drivers/STM32F1xx_HAL_Driver/Src/stm32f1xx_hal_exti.c **** 
 303:Drivers/STM32F1xx_HAL_Driver/Src/stm32f1xx_hal_exti.c ****       regval = AFIO->EXTICR[linepos >> 2u];
 430              		.loc 1 303 20
 431 00b8 0C4A     		ldr	r2, .L26+4
 432              		.loc 1 303 37
 433 00ba 7B69     		ldr	r3, [r7, #20]
 434 00bc 9B08     		lsrs	r3, r3, #2
 435              		.loc 1 303 14
 436 00be 0233     		adds	r3, r3, #2
 437 00c0 52F82330 		ldr	r3, [r2, r3, lsl #2]
 438 00c4 FB60     		str	r3, [r7, #12]
 304:Drivers/STM32F1xx_HAL_Driver/Src/stm32f1xx_hal_exti.c ****       pExtiConfig->GPIOSel = (regval >> (AFIO_EXTICR1_EXTI1_Pos * (linepos & 0x03u))) & AFIO_EXTICR
 439              		.loc 1 304 76
 440 00c6 7B69     		ldr	r3, [r7, #20]
ARM GAS  /tmp//ccgFd49a.s 			page 14


 441 00c8 03F00303 		and	r3, r3, #3
 442              		.loc 1 304 65
 443 00cc 9B00     		lsls	r3, r3, #2
 444              		.loc 1 304 38
 445 00ce FA68     		ldr	r2, [r7, #12]
 446 00d0 22FA03F3 		lsr	r3, r2, r3
 447              		.loc 1 304 87
 448 00d4 03F00F02 		and	r2, r3, #15
 449              		.loc 1 304 28
 450 00d8 3B68     		ldr	r3, [r7]
 451 00da DA60     		str	r2, [r3, #12]
 452              	.L23:
 305:Drivers/STM32F1xx_HAL_Driver/Src/stm32f1xx_hal_exti.c ****     }
 306:Drivers/STM32F1xx_HAL_Driver/Src/stm32f1xx_hal_exti.c ****   }
 307:Drivers/STM32F1xx_HAL_Driver/Src/stm32f1xx_hal_exti.c **** 
 308:Drivers/STM32F1xx_HAL_Driver/Src/stm32f1xx_hal_exti.c ****   return HAL_OK;
 453              		.loc 1 308 10
 454 00dc 0023     		movs	r3, #0
 455              	.L19:
 309:Drivers/STM32F1xx_HAL_Driver/Src/stm32f1xx_hal_exti.c **** }
 456              		.loc 1 309 1
 457 00de 1846     		mov	r0, r3
 458 00e0 1C37     		adds	r7, r7, #28
 459              	.LCFI9:
 460              		.cfi_def_cfa_offset 4
 461 00e2 BD46     		mov	sp, r7
 462              	.LCFI10:
 463              		.cfi_def_cfa_register 13
 464              		@ sp needed
 465 00e4 80BC     		pop	{r7}
 466              	.LCFI11:
 467              		.cfi_restore 7
 468              		.cfi_def_cfa_offset 0
 469 00e6 7047     		bx	lr
 470              	.L27:
 471              		.align	2
 472              	.L26:
 473 00e8 00040140 		.word	1073808384
 474 00ec 00000140 		.word	1073807360
 475              		.cfi_endproc
 476              	.LFE66:
 478              		.section	.text.HAL_EXTI_ClearConfigLine,"ax",%progbits
 479              		.align	1
 480              		.global	HAL_EXTI_ClearConfigLine
 481              		.syntax unified
 482              		.thumb
 483              		.thumb_func
 485              	HAL_EXTI_ClearConfigLine:
 486              	.LFB67:
 310:Drivers/STM32F1xx_HAL_Driver/Src/stm32f1xx_hal_exti.c **** 
 311:Drivers/STM32F1xx_HAL_Driver/Src/stm32f1xx_hal_exti.c **** /**
 312:Drivers/STM32F1xx_HAL_Driver/Src/stm32f1xx_hal_exti.c ****   * @brief  Clear whole configuration of a dedicated Exti line.
 313:Drivers/STM32F1xx_HAL_Driver/Src/stm32f1xx_hal_exti.c ****   * @param  hexti Exti handle.
 314:Drivers/STM32F1xx_HAL_Driver/Src/stm32f1xx_hal_exti.c ****   * @retval HAL Status.
 315:Drivers/STM32F1xx_HAL_Driver/Src/stm32f1xx_hal_exti.c ****   */
 316:Drivers/STM32F1xx_HAL_Driver/Src/stm32f1xx_hal_exti.c **** HAL_StatusTypeDef HAL_EXTI_ClearConfigLine(EXTI_HandleTypeDef *hexti)
 317:Drivers/STM32F1xx_HAL_Driver/Src/stm32f1xx_hal_exti.c **** {
ARM GAS  /tmp//ccgFd49a.s 			page 15


 487              		.loc 1 317 1
 488              		.cfi_startproc
 489              		@ args = 0, pretend = 0, frame = 24
 490              		@ frame_needed = 1, uses_anonymous_args = 0
 491              		@ link register save eliminated.
 492 0000 80B4     		push	{r7}
 493              	.LCFI12:
 494              		.cfi_def_cfa_offset 4
 495              		.cfi_offset 7, -4
 496 0002 87B0     		sub	sp, sp, #28
 497              	.LCFI13:
 498              		.cfi_def_cfa_offset 32
 499 0004 00AF     		add	r7, sp, #0
 500              	.LCFI14:
 501              		.cfi_def_cfa_register 7
 502 0006 7860     		str	r0, [r7, #4]
 318:Drivers/STM32F1xx_HAL_Driver/Src/stm32f1xx_hal_exti.c ****   uint32_t regval;
 319:Drivers/STM32F1xx_HAL_Driver/Src/stm32f1xx_hal_exti.c ****   uint32_t linepos;
 320:Drivers/STM32F1xx_HAL_Driver/Src/stm32f1xx_hal_exti.c ****   uint32_t maskline;
 321:Drivers/STM32F1xx_HAL_Driver/Src/stm32f1xx_hal_exti.c **** 
 322:Drivers/STM32F1xx_HAL_Driver/Src/stm32f1xx_hal_exti.c ****   /* Check null pointer */
 323:Drivers/STM32F1xx_HAL_Driver/Src/stm32f1xx_hal_exti.c ****   if (hexti == NULL)
 503              		.loc 1 323 6
 504 0008 7B68     		ldr	r3, [r7, #4]
 505 000a 002B     		cmp	r3, #0
 506 000c 01D1     		bne	.L29
 324:Drivers/STM32F1xx_HAL_Driver/Src/stm32f1xx_hal_exti.c ****   {
 325:Drivers/STM32F1xx_HAL_Driver/Src/stm32f1xx_hal_exti.c ****     return HAL_ERROR;
 507              		.loc 1 325 12
 508 000e 0123     		movs	r3, #1
 509 0010 4CE0     		b	.L30
 510              	.L29:
 326:Drivers/STM32F1xx_HAL_Driver/Src/stm32f1xx_hal_exti.c ****   }
 327:Drivers/STM32F1xx_HAL_Driver/Src/stm32f1xx_hal_exti.c **** 
 328:Drivers/STM32F1xx_HAL_Driver/Src/stm32f1xx_hal_exti.c ****   /* Check the parameter */
 329:Drivers/STM32F1xx_HAL_Driver/Src/stm32f1xx_hal_exti.c ****   assert_param(IS_EXTI_LINE(hexti->Line));
 330:Drivers/STM32F1xx_HAL_Driver/Src/stm32f1xx_hal_exti.c **** 
 331:Drivers/STM32F1xx_HAL_Driver/Src/stm32f1xx_hal_exti.c ****   /* compute line mask */
 332:Drivers/STM32F1xx_HAL_Driver/Src/stm32f1xx_hal_exti.c ****   linepos = (hexti->Line & EXTI_PIN_MASK);
 511              		.loc 1 332 19
 512 0012 7B68     		ldr	r3, [r7, #4]
 513 0014 1B68     		ldr	r3, [r3]
 514              		.loc 1 332 11
 515 0016 03F01F03 		and	r3, r3, #31
 516 001a 7B61     		str	r3, [r7, #20]
 333:Drivers/STM32F1xx_HAL_Driver/Src/stm32f1xx_hal_exti.c ****   maskline = (1uL << linepos);
 517              		.loc 1 333 12
 518 001c 0122     		movs	r2, #1
 519 001e 7B69     		ldr	r3, [r7, #20]
 520 0020 02FA03F3 		lsl	r3, r2, r3
 521 0024 3B61     		str	r3, [r7, #16]
 334:Drivers/STM32F1xx_HAL_Driver/Src/stm32f1xx_hal_exti.c **** 
 335:Drivers/STM32F1xx_HAL_Driver/Src/stm32f1xx_hal_exti.c ****   /* 1] Clear interrupt mode */
 336:Drivers/STM32F1xx_HAL_Driver/Src/stm32f1xx_hal_exti.c ****   EXTI->IMR = (EXTI->IMR & ~maskline);
 522              		.loc 1 336 20
 523 0026 244B     		ldr	r3, .L32
 524 0028 1A68     		ldr	r2, [r3]
ARM GAS  /tmp//ccgFd49a.s 			page 16


 525              		.loc 1 336 28
 526 002a 3B69     		ldr	r3, [r7, #16]
 527 002c DB43     		mvns	r3, r3
 528              		.loc 1 336 7
 529 002e 2249     		ldr	r1, .L32
 530              		.loc 1 336 26
 531 0030 1340     		ands	r3, r3, r2
 532              		.loc 1 336 13
 533 0032 0B60     		str	r3, [r1]
 337:Drivers/STM32F1xx_HAL_Driver/Src/stm32f1xx_hal_exti.c **** 
 338:Drivers/STM32F1xx_HAL_Driver/Src/stm32f1xx_hal_exti.c ****   /* 2] Clear event mode */
 339:Drivers/STM32F1xx_HAL_Driver/Src/stm32f1xx_hal_exti.c ****   EXTI->EMR = (EXTI->EMR & ~maskline);
 534              		.loc 1 339 20
 535 0034 204B     		ldr	r3, .L32
 536 0036 5A68     		ldr	r2, [r3, #4]
 537              		.loc 1 339 28
 538 0038 3B69     		ldr	r3, [r7, #16]
 539 003a DB43     		mvns	r3, r3
 540              		.loc 1 339 7
 541 003c 1E49     		ldr	r1, .L32
 542              		.loc 1 339 26
 543 003e 1340     		ands	r3, r3, r2
 544              		.loc 1 339 13
 545 0040 4B60     		str	r3, [r1, #4]
 340:Drivers/STM32F1xx_HAL_Driver/Src/stm32f1xx_hal_exti.c **** 
 341:Drivers/STM32F1xx_HAL_Driver/Src/stm32f1xx_hal_exti.c ****   /* 3] Clear triggers in case of configurable lines */
 342:Drivers/STM32F1xx_HAL_Driver/Src/stm32f1xx_hal_exti.c ****   if ((hexti->Line & EXTI_CONFIG) != 0x00u)
 546              		.loc 1 342 13
 547 0042 7B68     		ldr	r3, [r7, #4]
 548 0044 1B68     		ldr	r3, [r3]
 549              		.loc 1 342 20
 550 0046 03F00073 		and	r3, r3, #33554432
 551              		.loc 1 342 6
 552 004a 002B     		cmp	r3, #0
 553 004c 2DD0     		beq	.L31
 343:Drivers/STM32F1xx_HAL_Driver/Src/stm32f1xx_hal_exti.c ****   {
 344:Drivers/STM32F1xx_HAL_Driver/Src/stm32f1xx_hal_exti.c ****     EXTI->RTSR = (EXTI->RTSR & ~maskline);
 554              		.loc 1 344 23
 555 004e 1A4B     		ldr	r3, .L32
 556 0050 9A68     		ldr	r2, [r3, #8]
 557              		.loc 1 344 32
 558 0052 3B69     		ldr	r3, [r7, #16]
 559 0054 DB43     		mvns	r3, r3
 560              		.loc 1 344 9
 561 0056 1849     		ldr	r1, .L32
 562              		.loc 1 344 30
 563 0058 1340     		ands	r3, r3, r2
 564              		.loc 1 344 16
 565 005a 8B60     		str	r3, [r1, #8]
 345:Drivers/STM32F1xx_HAL_Driver/Src/stm32f1xx_hal_exti.c ****     EXTI->FTSR = (EXTI->FTSR & ~maskline);
 566              		.loc 1 345 23
 567 005c 164B     		ldr	r3, .L32
 568 005e DA68     		ldr	r2, [r3, #12]
 569              		.loc 1 345 32
 570 0060 3B69     		ldr	r3, [r7, #16]
 571 0062 DB43     		mvns	r3, r3
 572              		.loc 1 345 9
ARM GAS  /tmp//ccgFd49a.s 			page 17


 573 0064 1449     		ldr	r1, .L32
 574              		.loc 1 345 30
 575 0066 1340     		ands	r3, r3, r2
 576              		.loc 1 345 16
 577 0068 CB60     		str	r3, [r1, #12]
 346:Drivers/STM32F1xx_HAL_Driver/Src/stm32f1xx_hal_exti.c **** 
 347:Drivers/STM32F1xx_HAL_Driver/Src/stm32f1xx_hal_exti.c ****     /* Get Gpio port selection for gpio lines */
 348:Drivers/STM32F1xx_HAL_Driver/Src/stm32f1xx_hal_exti.c ****     if ((hexti->Line & EXTI_GPIO) == EXTI_GPIO)
 578              		.loc 1 348 15
 579 006a 7B68     		ldr	r3, [r7, #4]
 580 006c 1B68     		ldr	r3, [r3]
 581              		.loc 1 348 22
 582 006e 03F0C063 		and	r3, r3, #100663296
 583              		.loc 1 348 8
 584 0072 B3F1C06F 		cmp	r3, #100663296
 585 0076 18D1     		bne	.L31
 349:Drivers/STM32F1xx_HAL_Driver/Src/stm32f1xx_hal_exti.c ****     {
 350:Drivers/STM32F1xx_HAL_Driver/Src/stm32f1xx_hal_exti.c ****       assert_param(IS_EXTI_GPIO_PIN(linepos));
 351:Drivers/STM32F1xx_HAL_Driver/Src/stm32f1xx_hal_exti.c **** 
 352:Drivers/STM32F1xx_HAL_Driver/Src/stm32f1xx_hal_exti.c ****       regval = AFIO->EXTICR[linepos >> 2u];
 586              		.loc 1 352 20
 587 0078 104A     		ldr	r2, .L32+4
 588              		.loc 1 352 37
 589 007a 7B69     		ldr	r3, [r7, #20]
 590 007c 9B08     		lsrs	r3, r3, #2
 591              		.loc 1 352 14
 592 007e 0233     		adds	r3, r3, #2
 593 0080 52F82330 		ldr	r3, [r2, r3, lsl #2]
 594 0084 FB60     		str	r3, [r7, #12]
 353:Drivers/STM32F1xx_HAL_Driver/Src/stm32f1xx_hal_exti.c ****       regval &= ~(AFIO_EXTICR1_EXTI0 << (AFIO_EXTICR1_EXTI1_Pos * (linepos & 0x03u)));
 595              		.loc 1 353 76
 596 0086 7B69     		ldr	r3, [r7, #20]
 597 0088 03F00303 		and	r3, r3, #3
 598              		.loc 1 353 65
 599 008c 9B00     		lsls	r3, r3, #2
 600              		.loc 1 353 38
 601 008e 0F22     		movs	r2, #15
 602 0090 02FA03F3 		lsl	r3, r2, r3
 603              		.loc 1 353 17
 604 0094 DB43     		mvns	r3, r3
 605              		.loc 1 353 14
 606 0096 FA68     		ldr	r2, [r7, #12]
 607 0098 1340     		ands	r3, r3, r2
 608 009a FB60     		str	r3, [r7, #12]
 354:Drivers/STM32F1xx_HAL_Driver/Src/stm32f1xx_hal_exti.c ****       AFIO->EXTICR[linepos >> 2u] = regval;
 609              		.loc 1 354 11
 610 009c 0749     		ldr	r1, .L32+4
 611              		.loc 1 354 28
 612 009e 7B69     		ldr	r3, [r7, #20]
 613 00a0 9B08     		lsrs	r3, r3, #2
 614              		.loc 1 354 35
 615 00a2 0233     		adds	r3, r3, #2
 616 00a4 FA68     		ldr	r2, [r7, #12]
 617 00a6 41F82320 		str	r2, [r1, r3, lsl #2]
 618              	.L31:
 355:Drivers/STM32F1xx_HAL_Driver/Src/stm32f1xx_hal_exti.c ****     }
 356:Drivers/STM32F1xx_HAL_Driver/Src/stm32f1xx_hal_exti.c ****   }
ARM GAS  /tmp//ccgFd49a.s 			page 18


 357:Drivers/STM32F1xx_HAL_Driver/Src/stm32f1xx_hal_exti.c **** 
 358:Drivers/STM32F1xx_HAL_Driver/Src/stm32f1xx_hal_exti.c ****   return HAL_OK;
 619              		.loc 1 358 10
 620 00aa 0023     		movs	r3, #0
 621              	.L30:
 359:Drivers/STM32F1xx_HAL_Driver/Src/stm32f1xx_hal_exti.c **** }
 622              		.loc 1 359 1
 623 00ac 1846     		mov	r0, r3
 624 00ae 1C37     		adds	r7, r7, #28
 625              	.LCFI15:
 626              		.cfi_def_cfa_offset 4
 627 00b0 BD46     		mov	sp, r7
 628              	.LCFI16:
 629              		.cfi_def_cfa_register 13
 630              		@ sp needed
 631 00b2 80BC     		pop	{r7}
 632              	.LCFI17:
 633              		.cfi_restore 7
 634              		.cfi_def_cfa_offset 0
 635 00b4 7047     		bx	lr
 636              	.L33:
 637 00b6 00BF     		.align	2
 638              	.L32:
 639 00b8 00040140 		.word	1073808384
 640 00bc 00000140 		.word	1073807360
 641              		.cfi_endproc
 642              	.LFE67:
 644              		.section	.text.HAL_EXTI_RegisterCallback,"ax",%progbits
 645              		.align	1
 646              		.global	HAL_EXTI_RegisterCallback
 647              		.syntax unified
 648              		.thumb
 649              		.thumb_func
 651              	HAL_EXTI_RegisterCallback:
 652              	.LFB68:
 360:Drivers/STM32F1xx_HAL_Driver/Src/stm32f1xx_hal_exti.c **** 
 361:Drivers/STM32F1xx_HAL_Driver/Src/stm32f1xx_hal_exti.c **** /**
 362:Drivers/STM32F1xx_HAL_Driver/Src/stm32f1xx_hal_exti.c ****   * @brief  Register callback for a dedicated Exti line.
 363:Drivers/STM32F1xx_HAL_Driver/Src/stm32f1xx_hal_exti.c ****   * @param  hexti Exti handle.
 364:Drivers/STM32F1xx_HAL_Driver/Src/stm32f1xx_hal_exti.c ****   * @param  CallbackID User callback identifier.
 365:Drivers/STM32F1xx_HAL_Driver/Src/stm32f1xx_hal_exti.c ****   *         This parameter can be one of @arg @ref EXTI_CallbackIDTypeDef values.
 366:Drivers/STM32F1xx_HAL_Driver/Src/stm32f1xx_hal_exti.c ****   * @param  pPendingCbfn function pointer to be stored as callback.
 367:Drivers/STM32F1xx_HAL_Driver/Src/stm32f1xx_hal_exti.c ****   * @retval HAL Status.
 368:Drivers/STM32F1xx_HAL_Driver/Src/stm32f1xx_hal_exti.c ****   */
 369:Drivers/STM32F1xx_HAL_Driver/Src/stm32f1xx_hal_exti.c **** HAL_StatusTypeDef HAL_EXTI_RegisterCallback(EXTI_HandleTypeDef *hexti, EXTI_CallbackIDTypeDef Callb
 370:Drivers/STM32F1xx_HAL_Driver/Src/stm32f1xx_hal_exti.c **** {
 653              		.loc 1 370 1
 654              		.cfi_startproc
 655              		@ args = 0, pretend = 0, frame = 24
 656              		@ frame_needed = 1, uses_anonymous_args = 0
 657              		@ link register save eliminated.
 658 0000 80B4     		push	{r7}
 659              	.LCFI18:
 660              		.cfi_def_cfa_offset 4
 661              		.cfi_offset 7, -4
 662 0002 87B0     		sub	sp, sp, #28
 663              	.LCFI19:
ARM GAS  /tmp//ccgFd49a.s 			page 19


 664              		.cfi_def_cfa_offset 32
 665 0004 00AF     		add	r7, sp, #0
 666              	.LCFI20:
 667              		.cfi_def_cfa_register 7
 668 0006 F860     		str	r0, [r7, #12]
 669 0008 0B46     		mov	r3, r1
 670 000a 7A60     		str	r2, [r7, #4]
 671 000c FB72     		strb	r3, [r7, #11]
 371:Drivers/STM32F1xx_HAL_Driver/Src/stm32f1xx_hal_exti.c ****   HAL_StatusTypeDef status = HAL_OK;
 672              		.loc 1 371 21
 673 000e 0023     		movs	r3, #0
 674 0010 FB75     		strb	r3, [r7, #23]
 372:Drivers/STM32F1xx_HAL_Driver/Src/stm32f1xx_hal_exti.c **** 
 373:Drivers/STM32F1xx_HAL_Driver/Src/stm32f1xx_hal_exti.c ****   switch (CallbackID)
 675              		.loc 1 373 3
 676 0012 FB7A     		ldrb	r3, [r7, #11]	@ zero_extendqisi2
 677 0014 002B     		cmp	r3, #0
 678 0016 03D1     		bne	.L35
 374:Drivers/STM32F1xx_HAL_Driver/Src/stm32f1xx_hal_exti.c ****   {
 375:Drivers/STM32F1xx_HAL_Driver/Src/stm32f1xx_hal_exti.c ****     case  HAL_EXTI_COMMON_CB_ID:
 376:Drivers/STM32F1xx_HAL_Driver/Src/stm32f1xx_hal_exti.c ****       hexti->PendingCallback = pPendingCbfn;
 679              		.loc 1 376 30
 680 0018 FB68     		ldr	r3, [r7, #12]
 681 001a 7A68     		ldr	r2, [r7, #4]
 682 001c 5A60     		str	r2, [r3, #4]
 377:Drivers/STM32F1xx_HAL_Driver/Src/stm32f1xx_hal_exti.c ****       break;
 683              		.loc 1 377 7
 684 001e 02E0     		b	.L36
 685              	.L35:
 378:Drivers/STM32F1xx_HAL_Driver/Src/stm32f1xx_hal_exti.c **** 
 379:Drivers/STM32F1xx_HAL_Driver/Src/stm32f1xx_hal_exti.c ****     default:
 380:Drivers/STM32F1xx_HAL_Driver/Src/stm32f1xx_hal_exti.c ****       status = HAL_ERROR;
 686              		.loc 1 380 14
 687 0020 0123     		movs	r3, #1
 688 0022 FB75     		strb	r3, [r7, #23]
 381:Drivers/STM32F1xx_HAL_Driver/Src/stm32f1xx_hal_exti.c ****       break;
 689              		.loc 1 381 7
 690 0024 00BF     		nop
 691              	.L36:
 382:Drivers/STM32F1xx_HAL_Driver/Src/stm32f1xx_hal_exti.c ****   }
 383:Drivers/STM32F1xx_HAL_Driver/Src/stm32f1xx_hal_exti.c **** 
 384:Drivers/STM32F1xx_HAL_Driver/Src/stm32f1xx_hal_exti.c ****   return status;
 692              		.loc 1 384 10
 693 0026 FB7D     		ldrb	r3, [r7, #23]	@ zero_extendqisi2
 385:Drivers/STM32F1xx_HAL_Driver/Src/stm32f1xx_hal_exti.c **** }
 694              		.loc 1 385 1
 695 0028 1846     		mov	r0, r3
 696 002a 1C37     		adds	r7, r7, #28
 697              	.LCFI21:
 698              		.cfi_def_cfa_offset 4
 699 002c BD46     		mov	sp, r7
 700              	.LCFI22:
 701              		.cfi_def_cfa_register 13
 702              		@ sp needed
 703 002e 80BC     		pop	{r7}
 704              	.LCFI23:
 705              		.cfi_restore 7
ARM GAS  /tmp//ccgFd49a.s 			page 20


 706              		.cfi_def_cfa_offset 0
 707 0030 7047     		bx	lr
 708              		.cfi_endproc
 709              	.LFE68:
 711              		.section	.text.HAL_EXTI_GetHandle,"ax",%progbits
 712              		.align	1
 713              		.global	HAL_EXTI_GetHandle
 714              		.syntax unified
 715              		.thumb
 716              		.thumb_func
 718              	HAL_EXTI_GetHandle:
 719              	.LFB69:
 386:Drivers/STM32F1xx_HAL_Driver/Src/stm32f1xx_hal_exti.c **** 
 387:Drivers/STM32F1xx_HAL_Driver/Src/stm32f1xx_hal_exti.c **** /**
 388:Drivers/STM32F1xx_HAL_Driver/Src/stm32f1xx_hal_exti.c ****   * @brief  Store line number as handle private field.
 389:Drivers/STM32F1xx_HAL_Driver/Src/stm32f1xx_hal_exti.c ****   * @param  hexti Exti handle.
 390:Drivers/STM32F1xx_HAL_Driver/Src/stm32f1xx_hal_exti.c ****   * @param  ExtiLine Exti line number.
 391:Drivers/STM32F1xx_HAL_Driver/Src/stm32f1xx_hal_exti.c ****   *         This parameter can be from 0 to @ref EXTI_LINE_NB.
 392:Drivers/STM32F1xx_HAL_Driver/Src/stm32f1xx_hal_exti.c ****   * @retval HAL Status.
 393:Drivers/STM32F1xx_HAL_Driver/Src/stm32f1xx_hal_exti.c ****   */
 394:Drivers/STM32F1xx_HAL_Driver/Src/stm32f1xx_hal_exti.c **** HAL_StatusTypeDef HAL_EXTI_GetHandle(EXTI_HandleTypeDef *hexti, uint32_t ExtiLine)
 395:Drivers/STM32F1xx_HAL_Driver/Src/stm32f1xx_hal_exti.c **** {
 720              		.loc 1 395 1
 721              		.cfi_startproc
 722              		@ args = 0, pretend = 0, frame = 8
 723              		@ frame_needed = 1, uses_anonymous_args = 0
 724              		@ link register save eliminated.
 725 0000 80B4     		push	{r7}
 726              	.LCFI24:
 727              		.cfi_def_cfa_offset 4
 728              		.cfi_offset 7, -4
 729 0002 83B0     		sub	sp, sp, #12
 730              	.LCFI25:
 731              		.cfi_def_cfa_offset 16
 732 0004 00AF     		add	r7, sp, #0
 733              	.LCFI26:
 734              		.cfi_def_cfa_register 7
 735 0006 7860     		str	r0, [r7, #4]
 736 0008 3960     		str	r1, [r7]
 396:Drivers/STM32F1xx_HAL_Driver/Src/stm32f1xx_hal_exti.c ****   /* Check the parameters */
 397:Drivers/STM32F1xx_HAL_Driver/Src/stm32f1xx_hal_exti.c ****   assert_param(IS_EXTI_LINE(ExtiLine));
 398:Drivers/STM32F1xx_HAL_Driver/Src/stm32f1xx_hal_exti.c **** 
 399:Drivers/STM32F1xx_HAL_Driver/Src/stm32f1xx_hal_exti.c ****   /* Check null pointer */
 400:Drivers/STM32F1xx_HAL_Driver/Src/stm32f1xx_hal_exti.c ****   if (hexti == NULL)
 737              		.loc 1 400 6
 738 000a 7B68     		ldr	r3, [r7, #4]
 739 000c 002B     		cmp	r3, #0
 740 000e 01D1     		bne	.L39
 401:Drivers/STM32F1xx_HAL_Driver/Src/stm32f1xx_hal_exti.c ****   {
 402:Drivers/STM32F1xx_HAL_Driver/Src/stm32f1xx_hal_exti.c ****     return HAL_ERROR;
 741              		.loc 1 402 12
 742 0010 0123     		movs	r3, #1
 743 0012 03E0     		b	.L40
 744              	.L39:
 403:Drivers/STM32F1xx_HAL_Driver/Src/stm32f1xx_hal_exti.c ****   }
 404:Drivers/STM32F1xx_HAL_Driver/Src/stm32f1xx_hal_exti.c ****   else
 405:Drivers/STM32F1xx_HAL_Driver/Src/stm32f1xx_hal_exti.c ****   {
ARM GAS  /tmp//ccgFd49a.s 			page 21


 406:Drivers/STM32F1xx_HAL_Driver/Src/stm32f1xx_hal_exti.c ****     /* Store line number as handle private field */
 407:Drivers/STM32F1xx_HAL_Driver/Src/stm32f1xx_hal_exti.c ****     hexti->Line = ExtiLine;
 745              		.loc 1 407 17
 746 0014 7B68     		ldr	r3, [r7, #4]
 747 0016 3A68     		ldr	r2, [r7]
 748 0018 1A60     		str	r2, [r3]
 408:Drivers/STM32F1xx_HAL_Driver/Src/stm32f1xx_hal_exti.c **** 
 409:Drivers/STM32F1xx_HAL_Driver/Src/stm32f1xx_hal_exti.c ****     return HAL_OK;
 749              		.loc 1 409 12
 750 001a 0023     		movs	r3, #0
 751              	.L40:
 410:Drivers/STM32F1xx_HAL_Driver/Src/stm32f1xx_hal_exti.c ****   }
 411:Drivers/STM32F1xx_HAL_Driver/Src/stm32f1xx_hal_exti.c **** }
 752              		.loc 1 411 1
 753 001c 1846     		mov	r0, r3
 754 001e 0C37     		adds	r7, r7, #12
 755              	.LCFI27:
 756              		.cfi_def_cfa_offset 4
 757 0020 BD46     		mov	sp, r7
 758              	.LCFI28:
 759              		.cfi_def_cfa_register 13
 760              		@ sp needed
 761 0022 80BC     		pop	{r7}
 762              	.LCFI29:
 763              		.cfi_restore 7
 764              		.cfi_def_cfa_offset 0
 765 0024 7047     		bx	lr
 766              		.cfi_endproc
 767              	.LFE69:
 769              		.section	.text.HAL_EXTI_IRQHandler,"ax",%progbits
 770              		.align	1
 771              		.global	HAL_EXTI_IRQHandler
 772              		.syntax unified
 773              		.thumb
 774              		.thumb_func
 776              	HAL_EXTI_IRQHandler:
 777              	.LFB70:
 412:Drivers/STM32F1xx_HAL_Driver/Src/stm32f1xx_hal_exti.c **** 
 413:Drivers/STM32F1xx_HAL_Driver/Src/stm32f1xx_hal_exti.c **** /**
 414:Drivers/STM32F1xx_HAL_Driver/Src/stm32f1xx_hal_exti.c ****   * @}
 415:Drivers/STM32F1xx_HAL_Driver/Src/stm32f1xx_hal_exti.c ****   */
 416:Drivers/STM32F1xx_HAL_Driver/Src/stm32f1xx_hal_exti.c **** 
 417:Drivers/STM32F1xx_HAL_Driver/Src/stm32f1xx_hal_exti.c **** /** @addtogroup EXTI_Exported_Functions_Group2
 418:Drivers/STM32F1xx_HAL_Driver/Src/stm32f1xx_hal_exti.c ****   *  @brief EXTI IO functions.
 419:Drivers/STM32F1xx_HAL_Driver/Src/stm32f1xx_hal_exti.c ****   *
 420:Drivers/STM32F1xx_HAL_Driver/Src/stm32f1xx_hal_exti.c **** @verbatim
 421:Drivers/STM32F1xx_HAL_Driver/Src/stm32f1xx_hal_exti.c ****  ===============================================================================
 422:Drivers/STM32F1xx_HAL_Driver/Src/stm32f1xx_hal_exti.c ****                        ##### IO operation functions #####
 423:Drivers/STM32F1xx_HAL_Driver/Src/stm32f1xx_hal_exti.c ****  ===============================================================================
 424:Drivers/STM32F1xx_HAL_Driver/Src/stm32f1xx_hal_exti.c **** 
 425:Drivers/STM32F1xx_HAL_Driver/Src/stm32f1xx_hal_exti.c **** @endverbatim
 426:Drivers/STM32F1xx_HAL_Driver/Src/stm32f1xx_hal_exti.c ****   * @{
 427:Drivers/STM32F1xx_HAL_Driver/Src/stm32f1xx_hal_exti.c ****   */
 428:Drivers/STM32F1xx_HAL_Driver/Src/stm32f1xx_hal_exti.c **** 
 429:Drivers/STM32F1xx_HAL_Driver/Src/stm32f1xx_hal_exti.c **** /**
 430:Drivers/STM32F1xx_HAL_Driver/Src/stm32f1xx_hal_exti.c ****   * @brief  Handle EXTI interrupt request.
 431:Drivers/STM32F1xx_HAL_Driver/Src/stm32f1xx_hal_exti.c ****   * @param  hexti Exti handle.
ARM GAS  /tmp//ccgFd49a.s 			page 22


 432:Drivers/STM32F1xx_HAL_Driver/Src/stm32f1xx_hal_exti.c ****   * @retval none.
 433:Drivers/STM32F1xx_HAL_Driver/Src/stm32f1xx_hal_exti.c ****   */
 434:Drivers/STM32F1xx_HAL_Driver/Src/stm32f1xx_hal_exti.c **** void HAL_EXTI_IRQHandler(EXTI_HandleTypeDef *hexti)
 435:Drivers/STM32F1xx_HAL_Driver/Src/stm32f1xx_hal_exti.c **** {
 778              		.loc 1 435 1
 779              		.cfi_startproc
 780              		@ args = 0, pretend = 0, frame = 16
 781              		@ frame_needed = 1, uses_anonymous_args = 0
 782 0000 80B5     		push	{r7, lr}
 783              	.LCFI30:
 784              		.cfi_def_cfa_offset 8
 785              		.cfi_offset 7, -8
 786              		.cfi_offset 14, -4
 787 0002 84B0     		sub	sp, sp, #16
 788              	.LCFI31:
 789              		.cfi_def_cfa_offset 24
 790 0004 00AF     		add	r7, sp, #0
 791              	.LCFI32:
 792              		.cfi_def_cfa_register 7
 793 0006 7860     		str	r0, [r7, #4]
 436:Drivers/STM32F1xx_HAL_Driver/Src/stm32f1xx_hal_exti.c ****   uint32_t regval;
 437:Drivers/STM32F1xx_HAL_Driver/Src/stm32f1xx_hal_exti.c ****   uint32_t maskline;
 438:Drivers/STM32F1xx_HAL_Driver/Src/stm32f1xx_hal_exti.c **** 
 439:Drivers/STM32F1xx_HAL_Driver/Src/stm32f1xx_hal_exti.c ****   /* Compute line mask */
 440:Drivers/STM32F1xx_HAL_Driver/Src/stm32f1xx_hal_exti.c ****   maskline = (1uL << (hexti->Line & EXTI_PIN_MASK));
 794              		.loc 1 440 28
 795 0008 7B68     		ldr	r3, [r7, #4]
 796 000a 1B68     		ldr	r3, [r3]
 797              		.loc 1 440 35
 798 000c 03F01F03 		and	r3, r3, #31
 799              		.loc 1 440 12
 800 0010 0122     		movs	r2, #1
 801 0012 02FA03F3 		lsl	r3, r2, r3
 802 0016 FB60     		str	r3, [r7, #12]
 441:Drivers/STM32F1xx_HAL_Driver/Src/stm32f1xx_hal_exti.c **** 
 442:Drivers/STM32F1xx_HAL_Driver/Src/stm32f1xx_hal_exti.c ****   /* Get pending bit  */
 443:Drivers/STM32F1xx_HAL_Driver/Src/stm32f1xx_hal_exti.c ****   regval = (EXTI->PR & maskline);
 803              		.loc 1 443 17
 804 0018 0A4B     		ldr	r3, .L44
 805 001a 5B69     		ldr	r3, [r3, #20]
 806              		.loc 1 443 10
 807 001c FA68     		ldr	r2, [r7, #12]
 808 001e 1340     		ands	r3, r3, r2
 809 0020 BB60     		str	r3, [r7, #8]
 444:Drivers/STM32F1xx_HAL_Driver/Src/stm32f1xx_hal_exti.c ****   if (regval != 0x00u)
 810              		.loc 1 444 6
 811 0022 BB68     		ldr	r3, [r7, #8]
 812 0024 002B     		cmp	r3, #0
 813 0026 09D0     		beq	.L43
 445:Drivers/STM32F1xx_HAL_Driver/Src/stm32f1xx_hal_exti.c ****   {
 446:Drivers/STM32F1xx_HAL_Driver/Src/stm32f1xx_hal_exti.c ****     /* Clear pending bit */
 447:Drivers/STM32F1xx_HAL_Driver/Src/stm32f1xx_hal_exti.c ****     EXTI->PR = maskline;
 814              		.loc 1 447 9
 815 0028 064A     		ldr	r2, .L44
 816              		.loc 1 447 14
 817 002a FB68     		ldr	r3, [r7, #12]
 818 002c 5361     		str	r3, [r2, #20]
ARM GAS  /tmp//ccgFd49a.s 			page 23


 448:Drivers/STM32F1xx_HAL_Driver/Src/stm32f1xx_hal_exti.c **** 
 449:Drivers/STM32F1xx_HAL_Driver/Src/stm32f1xx_hal_exti.c ****     /* Call callback */
 450:Drivers/STM32F1xx_HAL_Driver/Src/stm32f1xx_hal_exti.c ****     if (hexti->PendingCallback != NULL)
 819              		.loc 1 450 14
 820 002e 7B68     		ldr	r3, [r7, #4]
 821 0030 5B68     		ldr	r3, [r3, #4]
 822              		.loc 1 450 8
 823 0032 002B     		cmp	r3, #0
 824 0034 02D0     		beq	.L43
 451:Drivers/STM32F1xx_HAL_Driver/Src/stm32f1xx_hal_exti.c ****     {
 452:Drivers/STM32F1xx_HAL_Driver/Src/stm32f1xx_hal_exti.c ****       hexti->PendingCallback();
 825              		.loc 1 452 12
 826 0036 7B68     		ldr	r3, [r7, #4]
 827 0038 5B68     		ldr	r3, [r3, #4]
 828              		.loc 1 452 7
 829 003a 9847     		blx	r3
 830              	.LVL0:
 831              	.L43:
 453:Drivers/STM32F1xx_HAL_Driver/Src/stm32f1xx_hal_exti.c ****     }
 454:Drivers/STM32F1xx_HAL_Driver/Src/stm32f1xx_hal_exti.c ****   }
 455:Drivers/STM32F1xx_HAL_Driver/Src/stm32f1xx_hal_exti.c **** }
 832              		.loc 1 455 1
 833 003c 00BF     		nop
 834 003e 1037     		adds	r7, r7, #16
 835              	.LCFI33:
 836              		.cfi_def_cfa_offset 8
 837 0040 BD46     		mov	sp, r7
 838              	.LCFI34:
 839              		.cfi_def_cfa_register 13
 840              		@ sp needed
 841 0042 80BD     		pop	{r7, pc}
 842              	.L45:
 843              		.align	2
 844              	.L44:
 845 0044 00040140 		.word	1073808384
 846              		.cfi_endproc
 847              	.LFE70:
 849              		.section	.text.HAL_EXTI_GetPending,"ax",%progbits
 850              		.align	1
 851              		.global	HAL_EXTI_GetPending
 852              		.syntax unified
 853              		.thumb
 854              		.thumb_func
 856              	HAL_EXTI_GetPending:
 857              	.LFB71:
 456:Drivers/STM32F1xx_HAL_Driver/Src/stm32f1xx_hal_exti.c **** 
 457:Drivers/STM32F1xx_HAL_Driver/Src/stm32f1xx_hal_exti.c **** /**
 458:Drivers/STM32F1xx_HAL_Driver/Src/stm32f1xx_hal_exti.c ****   * @brief  Get interrupt pending bit of a dedicated line.
 459:Drivers/STM32F1xx_HAL_Driver/Src/stm32f1xx_hal_exti.c ****   * @param  hexti Exti handle.
 460:Drivers/STM32F1xx_HAL_Driver/Src/stm32f1xx_hal_exti.c ****   * @param  Edge Specify which pending edge as to be checked.
 461:Drivers/STM32F1xx_HAL_Driver/Src/stm32f1xx_hal_exti.c ****   *         This parameter can be one of the following values:
 462:Drivers/STM32F1xx_HAL_Driver/Src/stm32f1xx_hal_exti.c ****   *           @arg @ref EXTI_TRIGGER_RISING_FALLING
 463:Drivers/STM32F1xx_HAL_Driver/Src/stm32f1xx_hal_exti.c ****   *         This parameter is kept for compatibility with other series.
 464:Drivers/STM32F1xx_HAL_Driver/Src/stm32f1xx_hal_exti.c ****   * @retval 1 if interrupt is pending else 0.
 465:Drivers/STM32F1xx_HAL_Driver/Src/stm32f1xx_hal_exti.c ****   */
 466:Drivers/STM32F1xx_HAL_Driver/Src/stm32f1xx_hal_exti.c **** uint32_t HAL_EXTI_GetPending(EXTI_HandleTypeDef *hexti, uint32_t Edge)
 467:Drivers/STM32F1xx_HAL_Driver/Src/stm32f1xx_hal_exti.c **** {
ARM GAS  /tmp//ccgFd49a.s 			page 24


 858              		.loc 1 467 1
 859              		.cfi_startproc
 860              		@ args = 0, pretend = 0, frame = 24
 861              		@ frame_needed = 1, uses_anonymous_args = 0
 862              		@ link register save eliminated.
 863 0000 80B4     		push	{r7}
 864              	.LCFI35:
 865              		.cfi_def_cfa_offset 4
 866              		.cfi_offset 7, -4
 867 0002 87B0     		sub	sp, sp, #28
 868              	.LCFI36:
 869              		.cfi_def_cfa_offset 32
 870 0004 00AF     		add	r7, sp, #0
 871              	.LCFI37:
 872              		.cfi_def_cfa_register 7
 873 0006 7860     		str	r0, [r7, #4]
 874 0008 3960     		str	r1, [r7]
 468:Drivers/STM32F1xx_HAL_Driver/Src/stm32f1xx_hal_exti.c ****   uint32_t regval;
 469:Drivers/STM32F1xx_HAL_Driver/Src/stm32f1xx_hal_exti.c ****   uint32_t maskline;
 470:Drivers/STM32F1xx_HAL_Driver/Src/stm32f1xx_hal_exti.c ****   uint32_t linepos;
 471:Drivers/STM32F1xx_HAL_Driver/Src/stm32f1xx_hal_exti.c **** 
 472:Drivers/STM32F1xx_HAL_Driver/Src/stm32f1xx_hal_exti.c ****   /* Check parameters */
 473:Drivers/STM32F1xx_HAL_Driver/Src/stm32f1xx_hal_exti.c ****   assert_param(IS_EXTI_LINE(hexti->Line));
 474:Drivers/STM32F1xx_HAL_Driver/Src/stm32f1xx_hal_exti.c ****   assert_param(IS_EXTI_CONFIG_LINE(hexti->Line));
 475:Drivers/STM32F1xx_HAL_Driver/Src/stm32f1xx_hal_exti.c ****   assert_param(IS_EXTI_PENDING_EDGE(Edge));
 476:Drivers/STM32F1xx_HAL_Driver/Src/stm32f1xx_hal_exti.c **** 
 477:Drivers/STM32F1xx_HAL_Driver/Src/stm32f1xx_hal_exti.c ****   /* Prevent unused argument compilation warning */
 478:Drivers/STM32F1xx_HAL_Driver/Src/stm32f1xx_hal_exti.c ****   UNUSED(Edge);
 479:Drivers/STM32F1xx_HAL_Driver/Src/stm32f1xx_hal_exti.c **** 
 480:Drivers/STM32F1xx_HAL_Driver/Src/stm32f1xx_hal_exti.c ****   /* Compute line mask */
 481:Drivers/STM32F1xx_HAL_Driver/Src/stm32f1xx_hal_exti.c ****   linepos = (hexti->Line & EXTI_PIN_MASK);
 875              		.loc 1 481 19
 876 000a 7B68     		ldr	r3, [r7, #4]
 877 000c 1B68     		ldr	r3, [r3]
 878              		.loc 1 481 11
 879 000e 03F01F03 		and	r3, r3, #31
 880 0012 7B61     		str	r3, [r7, #20]
 482:Drivers/STM32F1xx_HAL_Driver/Src/stm32f1xx_hal_exti.c ****   maskline = (1uL << linepos);
 881              		.loc 1 482 12
 882 0014 0122     		movs	r2, #1
 883 0016 7B69     		ldr	r3, [r7, #20]
 884 0018 02FA03F3 		lsl	r3, r2, r3
 885 001c 3B61     		str	r3, [r7, #16]
 483:Drivers/STM32F1xx_HAL_Driver/Src/stm32f1xx_hal_exti.c **** 
 484:Drivers/STM32F1xx_HAL_Driver/Src/stm32f1xx_hal_exti.c ****   /* return 1 if bit is set else 0 */
 485:Drivers/STM32F1xx_HAL_Driver/Src/stm32f1xx_hal_exti.c ****   regval = ((EXTI->PR & maskline) >> linepos);
 886              		.loc 1 485 18
 887 001e 074B     		ldr	r3, .L48
 888 0020 5A69     		ldr	r2, [r3, #20]
 889              		.loc 1 485 23
 890 0022 3B69     		ldr	r3, [r7, #16]
 891 0024 1A40     		ands	r2, r2, r3
 892              		.loc 1 485 10
 893 0026 7B69     		ldr	r3, [r7, #20]
 894 0028 22FA03F3 		lsr	r3, r2, r3
 895 002c FB60     		str	r3, [r7, #12]
 486:Drivers/STM32F1xx_HAL_Driver/Src/stm32f1xx_hal_exti.c ****   return regval;
ARM GAS  /tmp//ccgFd49a.s 			page 25


 896              		.loc 1 486 10
 897 002e FB68     		ldr	r3, [r7, #12]
 487:Drivers/STM32F1xx_HAL_Driver/Src/stm32f1xx_hal_exti.c **** }
 898              		.loc 1 487 1
 899 0030 1846     		mov	r0, r3
 900 0032 1C37     		adds	r7, r7, #28
 901              	.LCFI38:
 902              		.cfi_def_cfa_offset 4
 903 0034 BD46     		mov	sp, r7
 904              	.LCFI39:
 905              		.cfi_def_cfa_register 13
 906              		@ sp needed
 907 0036 80BC     		pop	{r7}
 908              	.LCFI40:
 909              		.cfi_restore 7
 910              		.cfi_def_cfa_offset 0
 911 0038 7047     		bx	lr
 912              	.L49:
 913 003a 00BF     		.align	2
 914              	.L48:
 915 003c 00040140 		.word	1073808384
 916              		.cfi_endproc
 917              	.LFE71:
 919              		.section	.text.HAL_EXTI_ClearPending,"ax",%progbits
 920              		.align	1
 921              		.global	HAL_EXTI_ClearPending
 922              		.syntax unified
 923              		.thumb
 924              		.thumb_func
 926              	HAL_EXTI_ClearPending:
 927              	.LFB72:
 488:Drivers/STM32F1xx_HAL_Driver/Src/stm32f1xx_hal_exti.c **** 
 489:Drivers/STM32F1xx_HAL_Driver/Src/stm32f1xx_hal_exti.c **** /**
 490:Drivers/STM32F1xx_HAL_Driver/Src/stm32f1xx_hal_exti.c ****   * @brief  Clear interrupt pending bit of a dedicated line.
 491:Drivers/STM32F1xx_HAL_Driver/Src/stm32f1xx_hal_exti.c ****   * @param  hexti Exti handle.
 492:Drivers/STM32F1xx_HAL_Driver/Src/stm32f1xx_hal_exti.c ****   * @param  Edge Specify which pending edge as to be clear.
 493:Drivers/STM32F1xx_HAL_Driver/Src/stm32f1xx_hal_exti.c ****   *         This parameter can be one of the following values:
 494:Drivers/STM32F1xx_HAL_Driver/Src/stm32f1xx_hal_exti.c ****   *           @arg @ref EXTI_TRIGGER_RISING_FALLING
 495:Drivers/STM32F1xx_HAL_Driver/Src/stm32f1xx_hal_exti.c ****   *         This parameter is kept for compatibility with other series.
 496:Drivers/STM32F1xx_HAL_Driver/Src/stm32f1xx_hal_exti.c ****   * @retval None.
 497:Drivers/STM32F1xx_HAL_Driver/Src/stm32f1xx_hal_exti.c ****   */
 498:Drivers/STM32F1xx_HAL_Driver/Src/stm32f1xx_hal_exti.c **** void HAL_EXTI_ClearPending(EXTI_HandleTypeDef *hexti, uint32_t Edge)
 499:Drivers/STM32F1xx_HAL_Driver/Src/stm32f1xx_hal_exti.c **** {
 928              		.loc 1 499 1
 929              		.cfi_startproc
 930              		@ args = 0, pretend = 0, frame = 16
 931              		@ frame_needed = 1, uses_anonymous_args = 0
 932              		@ link register save eliminated.
 933 0000 80B4     		push	{r7}
 934              	.LCFI41:
 935              		.cfi_def_cfa_offset 4
 936              		.cfi_offset 7, -4
 937 0002 85B0     		sub	sp, sp, #20
 938              	.LCFI42:
 939              		.cfi_def_cfa_offset 24
 940 0004 00AF     		add	r7, sp, #0
 941              	.LCFI43:
ARM GAS  /tmp//ccgFd49a.s 			page 26


 942              		.cfi_def_cfa_register 7
 943 0006 7860     		str	r0, [r7, #4]
 944 0008 3960     		str	r1, [r7]
 500:Drivers/STM32F1xx_HAL_Driver/Src/stm32f1xx_hal_exti.c ****   uint32_t maskline;
 501:Drivers/STM32F1xx_HAL_Driver/Src/stm32f1xx_hal_exti.c **** 
 502:Drivers/STM32F1xx_HAL_Driver/Src/stm32f1xx_hal_exti.c ****   /* Check parameters */
 503:Drivers/STM32F1xx_HAL_Driver/Src/stm32f1xx_hal_exti.c ****   assert_param(IS_EXTI_LINE(hexti->Line));
 504:Drivers/STM32F1xx_HAL_Driver/Src/stm32f1xx_hal_exti.c ****   assert_param(IS_EXTI_CONFIG_LINE(hexti->Line));
 505:Drivers/STM32F1xx_HAL_Driver/Src/stm32f1xx_hal_exti.c ****   assert_param(IS_EXTI_PENDING_EDGE(Edge));
 506:Drivers/STM32F1xx_HAL_Driver/Src/stm32f1xx_hal_exti.c **** 
 507:Drivers/STM32F1xx_HAL_Driver/Src/stm32f1xx_hal_exti.c ****   /* Prevent unused argument compilation warning */
 508:Drivers/STM32F1xx_HAL_Driver/Src/stm32f1xx_hal_exti.c ****   UNUSED(Edge);
 509:Drivers/STM32F1xx_HAL_Driver/Src/stm32f1xx_hal_exti.c **** 
 510:Drivers/STM32F1xx_HAL_Driver/Src/stm32f1xx_hal_exti.c ****   /* Compute line mask */
 511:Drivers/STM32F1xx_HAL_Driver/Src/stm32f1xx_hal_exti.c ****   maskline = (1uL << (hexti->Line & EXTI_PIN_MASK));
 945              		.loc 1 511 28
 946 000a 7B68     		ldr	r3, [r7, #4]
 947 000c 1B68     		ldr	r3, [r3]
 948              		.loc 1 511 35
 949 000e 03F01F03 		and	r3, r3, #31
 950              		.loc 1 511 12
 951 0012 0122     		movs	r2, #1
 952 0014 02FA03F3 		lsl	r3, r2, r3
 953 0018 FB60     		str	r3, [r7, #12]
 512:Drivers/STM32F1xx_HAL_Driver/Src/stm32f1xx_hal_exti.c **** 
 513:Drivers/STM32F1xx_HAL_Driver/Src/stm32f1xx_hal_exti.c ****   /* Clear Pending bit */
 514:Drivers/STM32F1xx_HAL_Driver/Src/stm32f1xx_hal_exti.c ****   EXTI->PR =  maskline;
 954              		.loc 1 514 7
 955 001a 044A     		ldr	r2, .L51
 956              		.loc 1 514 12
 957 001c FB68     		ldr	r3, [r7, #12]
 958 001e 5361     		str	r3, [r2, #20]
 515:Drivers/STM32F1xx_HAL_Driver/Src/stm32f1xx_hal_exti.c **** }
 959              		.loc 1 515 1
 960 0020 00BF     		nop
 961 0022 1437     		adds	r7, r7, #20
 962              	.LCFI44:
 963              		.cfi_def_cfa_offset 4
 964 0024 BD46     		mov	sp, r7
 965              	.LCFI45:
 966              		.cfi_def_cfa_register 13
 967              		@ sp needed
 968 0026 80BC     		pop	{r7}
 969              	.LCFI46:
 970              		.cfi_restore 7
 971              		.cfi_def_cfa_offset 0
 972 0028 7047     		bx	lr
 973              	.L52:
 974 002a 00BF     		.align	2
 975              	.L51:
 976 002c 00040140 		.word	1073808384
 977              		.cfi_endproc
 978              	.LFE72:
 980              		.section	.text.HAL_EXTI_GenerateSWI,"ax",%progbits
 981              		.align	1
 982              		.global	HAL_EXTI_GenerateSWI
 983              		.syntax unified
ARM GAS  /tmp//ccgFd49a.s 			page 27


 984              		.thumb
 985              		.thumb_func
 987              	HAL_EXTI_GenerateSWI:
 988              	.LFB73:
 516:Drivers/STM32F1xx_HAL_Driver/Src/stm32f1xx_hal_exti.c **** 
 517:Drivers/STM32F1xx_HAL_Driver/Src/stm32f1xx_hal_exti.c **** /**
 518:Drivers/STM32F1xx_HAL_Driver/Src/stm32f1xx_hal_exti.c ****   * @brief  Generate a software interrupt for a dedicated line.
 519:Drivers/STM32F1xx_HAL_Driver/Src/stm32f1xx_hal_exti.c ****   * @param  hexti Exti handle.
 520:Drivers/STM32F1xx_HAL_Driver/Src/stm32f1xx_hal_exti.c ****   * @retval None.
 521:Drivers/STM32F1xx_HAL_Driver/Src/stm32f1xx_hal_exti.c ****   */
 522:Drivers/STM32F1xx_HAL_Driver/Src/stm32f1xx_hal_exti.c **** void HAL_EXTI_GenerateSWI(EXTI_HandleTypeDef *hexti)
 523:Drivers/STM32F1xx_HAL_Driver/Src/stm32f1xx_hal_exti.c **** {
 989              		.loc 1 523 1
 990              		.cfi_startproc
 991              		@ args = 0, pretend = 0, frame = 16
 992              		@ frame_needed = 1, uses_anonymous_args = 0
 993              		@ link register save eliminated.
 994 0000 80B4     		push	{r7}
 995              	.LCFI47:
 996              		.cfi_def_cfa_offset 4
 997              		.cfi_offset 7, -4
 998 0002 85B0     		sub	sp, sp, #20
 999              	.LCFI48:
 1000              		.cfi_def_cfa_offset 24
 1001 0004 00AF     		add	r7, sp, #0
 1002              	.LCFI49:
 1003              		.cfi_def_cfa_register 7
 1004 0006 7860     		str	r0, [r7, #4]
 524:Drivers/STM32F1xx_HAL_Driver/Src/stm32f1xx_hal_exti.c ****   uint32_t maskline;
 525:Drivers/STM32F1xx_HAL_Driver/Src/stm32f1xx_hal_exti.c **** 
 526:Drivers/STM32F1xx_HAL_Driver/Src/stm32f1xx_hal_exti.c ****   /* Check parameters */
 527:Drivers/STM32F1xx_HAL_Driver/Src/stm32f1xx_hal_exti.c ****   assert_param(IS_EXTI_LINE(hexti->Line));
 528:Drivers/STM32F1xx_HAL_Driver/Src/stm32f1xx_hal_exti.c ****   assert_param(IS_EXTI_CONFIG_LINE(hexti->Line));
 529:Drivers/STM32F1xx_HAL_Driver/Src/stm32f1xx_hal_exti.c **** 
 530:Drivers/STM32F1xx_HAL_Driver/Src/stm32f1xx_hal_exti.c ****   /* Compute line mask */
 531:Drivers/STM32F1xx_HAL_Driver/Src/stm32f1xx_hal_exti.c ****   maskline = (1uL << (hexti->Line & EXTI_PIN_MASK));
 1005              		.loc 1 531 28
 1006 0008 7B68     		ldr	r3, [r7, #4]
 1007 000a 1B68     		ldr	r3, [r3]
 1008              		.loc 1 531 35
 1009 000c 03F01F03 		and	r3, r3, #31
 1010              		.loc 1 531 12
 1011 0010 0122     		movs	r2, #1
 1012 0012 02FA03F3 		lsl	r3, r2, r3
 1013 0016 FB60     		str	r3, [r7, #12]
 532:Drivers/STM32F1xx_HAL_Driver/Src/stm32f1xx_hal_exti.c **** 
 533:Drivers/STM32F1xx_HAL_Driver/Src/stm32f1xx_hal_exti.c ****   /* Generate Software interrupt */
 534:Drivers/STM32F1xx_HAL_Driver/Src/stm32f1xx_hal_exti.c ****   EXTI->SWIER = maskline;
 1014              		.loc 1 534 7
 1015 0018 034A     		ldr	r2, .L54
 1016              		.loc 1 534 15
 1017 001a FB68     		ldr	r3, [r7, #12]
 1018 001c 1361     		str	r3, [r2, #16]
 535:Drivers/STM32F1xx_HAL_Driver/Src/stm32f1xx_hal_exti.c **** }
 1019              		.loc 1 535 1
 1020 001e 00BF     		nop
 1021 0020 1437     		adds	r7, r7, #20
ARM GAS  /tmp//ccgFd49a.s 			page 28


 1022              	.LCFI50:
 1023              		.cfi_def_cfa_offset 4
 1024 0022 BD46     		mov	sp, r7
 1025              	.LCFI51:
 1026              		.cfi_def_cfa_register 13
 1027              		@ sp needed
 1028 0024 80BC     		pop	{r7}
 1029              	.LCFI52:
 1030              		.cfi_restore 7
 1031              		.cfi_def_cfa_offset 0
 1032 0026 7047     		bx	lr
 1033              	.L55:
 1034              		.align	2
 1035              	.L54:
 1036 0028 00040140 		.word	1073808384
 1037              		.cfi_endproc
 1038              	.LFE73:
 1040              		.text
 1041              	.Letext0:
 1042              		.file 2 "/usr/arm-none-eabi/include/machine/_default_types.h"
 1043              		.file 3 "/usr/arm-none-eabi/include/sys/_stdint.h"
 1044              		.file 4 "Drivers/CMSIS/Device/ST/STM32F1xx/Include/stm32f103xe.h"
 1045              		.file 5 "Drivers/STM32F1xx_HAL_Driver/Inc/stm32f1xx_hal_def.h"
 1046              		.file 6 "Drivers/STM32F1xx_HAL_Driver/Inc/stm32f1xx_hal_exti.h"
ARM GAS  /tmp//ccgFd49a.s 			page 29


DEFINED SYMBOLS
                            *ABS*:00000000 stm32f1xx_hal_exti.c
    /tmp//ccgFd49a.s:19     .text.HAL_EXTI_SetConfigLine:00000000 $t
    /tmp//ccgFd49a.s:25     .text.HAL_EXTI_SetConfigLine:00000000 HAL_EXTI_SetConfigLine
    /tmp//ccgFd49a.s:277    .text.HAL_EXTI_SetConfigLine:00000144 $d
    /tmp//ccgFd49a.s:283    .text.HAL_EXTI_GetConfigLine:00000000 $t
    /tmp//ccgFd49a.s:289    .text.HAL_EXTI_GetConfigLine:00000000 HAL_EXTI_GetConfigLine
    /tmp//ccgFd49a.s:473    .text.HAL_EXTI_GetConfigLine:000000e8 $d
    /tmp//ccgFd49a.s:479    .text.HAL_EXTI_ClearConfigLine:00000000 $t
    /tmp//ccgFd49a.s:485    .text.HAL_EXTI_ClearConfigLine:00000000 HAL_EXTI_ClearConfigLine
    /tmp//ccgFd49a.s:639    .text.HAL_EXTI_ClearConfigLine:000000b8 $d
    /tmp//ccgFd49a.s:645    .text.HAL_EXTI_RegisterCallback:00000000 $t
    /tmp//ccgFd49a.s:651    .text.HAL_EXTI_RegisterCallback:00000000 HAL_EXTI_RegisterCallback
    /tmp//ccgFd49a.s:712    .text.HAL_EXTI_GetHandle:00000000 $t
    /tmp//ccgFd49a.s:718    .text.HAL_EXTI_GetHandle:00000000 HAL_EXTI_GetHandle
    /tmp//ccgFd49a.s:770    .text.HAL_EXTI_IRQHandler:00000000 $t
    /tmp//ccgFd49a.s:776    .text.HAL_EXTI_IRQHandler:00000000 HAL_EXTI_IRQHandler
    /tmp//ccgFd49a.s:845    .text.HAL_EXTI_IRQHandler:00000044 $d
    /tmp//ccgFd49a.s:850    .text.HAL_EXTI_GetPending:00000000 $t
    /tmp//ccgFd49a.s:856    .text.HAL_EXTI_GetPending:00000000 HAL_EXTI_GetPending
    /tmp//ccgFd49a.s:915    .text.HAL_EXTI_GetPending:0000003c $d
    /tmp//ccgFd49a.s:920    .text.HAL_EXTI_ClearPending:00000000 $t
    /tmp//ccgFd49a.s:926    .text.HAL_EXTI_ClearPending:00000000 HAL_EXTI_ClearPending
    /tmp//ccgFd49a.s:976    .text.HAL_EXTI_ClearPending:0000002c $d
    /tmp//ccgFd49a.s:981    .text.HAL_EXTI_GenerateSWI:00000000 $t
    /tmp//ccgFd49a.s:987    .text.HAL_EXTI_GenerateSWI:00000000 HAL_EXTI_GenerateSWI
    /tmp//ccgFd49a.s:1036   .text.HAL_EXTI_GenerateSWI:00000028 $d

NO UNDEFINED SYMBOLS
