ARM GAS  /tmp//ccb8opGS.s 			page 1


   1              		.cpu cortex-m3
   2              		.arch armv7-m
   3              		.fpu softvfp
   4              		.eabi_attribute 20, 1
   5              		.eabi_attribute 21, 1
   6              		.eabi_attribute 23, 3
   7              		.eabi_attribute 24, 1
   8              		.eabi_attribute 25, 1
   9              		.eabi_attribute 26, 1
  10              		.eabi_attribute 30, 6
  11              		.eabi_attribute 34, 1
  12              		.eabi_attribute 18, 4
  13              		.file	"sysmem.c"
  14              		.text
  15              	.Ltext0:
  16              		.cfi_sections	.debug_frame
  17              		.file 1 "Core/Src/sysmem.c"
  18              		.section	.bss.__sbrk_heap_end,"aw",%nobits
  19              		.align	2
  22              	__sbrk_heap_end:
  23 0000 00000000 		.space	4
  24              		.section	.text._sbrk,"ax",%progbits
  25              		.align	1
  26              		.global	_sbrk
  27              		.syntax unified
  28              		.thumb
  29              		.thumb_func
  31              	_sbrk:
  32              	.LFB0:
   1:Core/Src/sysmem.c **** /**
   2:Core/Src/sysmem.c ****  ******************************************************************************
   3:Core/Src/sysmem.c ****  * @file      sysmem.c
   4:Core/Src/sysmem.c ****  * @author    Generated by STM32CubeMX
   5:Core/Src/sysmem.c ****  * @brief     System Memory calls file
   6:Core/Src/sysmem.c ****  *
   7:Core/Src/sysmem.c ****  *            For more information about which C functions
   8:Core/Src/sysmem.c ****  *            need which of these lowlevel functions
   9:Core/Src/sysmem.c ****  *            please consult the newlib libc manual
  10:Core/Src/sysmem.c ****  ******************************************************************************
  11:Core/Src/sysmem.c ****  * @attention
  12:Core/Src/sysmem.c ****  *
  13:Core/Src/sysmem.c ****  * Copyright (c) 2024 STMicroelectronics.
  14:Core/Src/sysmem.c ****  * All rights reserved.
  15:Core/Src/sysmem.c ****  *
  16:Core/Src/sysmem.c ****  * This software is licensed under terms that can be found in the LICENSE file
  17:Core/Src/sysmem.c ****  * in the root directory of this software component.
  18:Core/Src/sysmem.c ****  * If no LICENSE file comes with this software, it is provided AS-IS.
  19:Core/Src/sysmem.c ****  *
  20:Core/Src/sysmem.c ****  ******************************************************************************
  21:Core/Src/sysmem.c ****  */
  22:Core/Src/sysmem.c **** 
  23:Core/Src/sysmem.c **** /* Includes */
  24:Core/Src/sysmem.c **** #include <errno.h>
  25:Core/Src/sysmem.c **** #include <stdint.h>
  26:Core/Src/sysmem.c **** 
  27:Core/Src/sysmem.c **** /**
  28:Core/Src/sysmem.c ****  * Pointer to the current high watermark of the heap usage
ARM GAS  /tmp//ccb8opGS.s 			page 2


  29:Core/Src/sysmem.c ****  */
  30:Core/Src/sysmem.c **** static uint8_t *__sbrk_heap_end = NULL;
  31:Core/Src/sysmem.c **** 
  32:Core/Src/sysmem.c **** /**
  33:Core/Src/sysmem.c ****  * @brief _sbrk() allocates memory to the newlib heap and is used by malloc
  34:Core/Src/sysmem.c ****  *        and others from the C library
  35:Core/Src/sysmem.c ****  *
  36:Core/Src/sysmem.c ****  * @verbatim
  37:Core/Src/sysmem.c ****  * ############################################################################
  38:Core/Src/sysmem.c ****  * #  .data  #  .bss  #       newlib heap       #          MSP stack          #
  39:Core/Src/sysmem.c ****  * #         #        #                         # Reserved by _Min_Stack_Size #
  40:Core/Src/sysmem.c ****  * ############################################################################
  41:Core/Src/sysmem.c ****  * ^-- RAM start      ^-- _end                             _estack, RAM end --^
  42:Core/Src/sysmem.c ****  * @endverbatim
  43:Core/Src/sysmem.c ****  *
  44:Core/Src/sysmem.c ****  * This implementation starts allocating at the '_end' linker symbol
  45:Core/Src/sysmem.c ****  * The '_Min_Stack_Size' linker symbol reserves a memory for the MSP stack
  46:Core/Src/sysmem.c ****  * The implementation considers '_estack' linker symbol to be RAM end
  47:Core/Src/sysmem.c ****  * NOTE: If the MSP stack, at any point during execution, grows larger than the
  48:Core/Src/sysmem.c ****  * reserved size, please increase the '_Min_Stack_Size'.
  49:Core/Src/sysmem.c ****  *
  50:Core/Src/sysmem.c ****  * @param incr Memory size
  51:Core/Src/sysmem.c ****  * @return Pointer to allocated memory
  52:Core/Src/sysmem.c ****  */
  53:Core/Src/sysmem.c **** void *_sbrk(ptrdiff_t incr)
  54:Core/Src/sysmem.c **** {
  33              		.loc 1 54 1
  34              		.cfi_startproc
  35              		@ args = 0, pretend = 0, frame = 24
  36              		@ frame_needed = 1, uses_anonymous_args = 0
  37 0000 80B5     		push	{r7, lr}
  38              	.LCFI0:
  39              		.cfi_def_cfa_offset 8
  40              		.cfi_offset 7, -8
  41              		.cfi_offset 14, -4
  42 0002 86B0     		sub	sp, sp, #24
  43              	.LCFI1:
  44              		.cfi_def_cfa_offset 32
  45 0004 00AF     		add	r7, sp, #0
  46              	.LCFI2:
  47              		.cfi_def_cfa_register 7
  48 0006 7860     		str	r0, [r7, #4]
  55:Core/Src/sysmem.c ****   extern uint8_t _end; /* Symbol defined in the linker script */
  56:Core/Src/sysmem.c ****   extern uint8_t _estack; /* Symbol defined in the linker script */
  57:Core/Src/sysmem.c ****   extern uint32_t _Min_Stack_Size; /* Symbol defined in the linker script */
  58:Core/Src/sysmem.c ****   const uint32_t stack_limit = (uint32_t)&_estack - (uint32_t)&_Min_Stack_Size;
  49              		.loc 1 58 32
  50 0008 144A     		ldr	r2, .L5
  51              		.loc 1 58 53
  52 000a 154B     		ldr	r3, .L5+4
  53              		.loc 1 58 18
  54 000c D31A     		subs	r3, r2, r3
  55 000e 7B61     		str	r3, [r7, #20]
  59:Core/Src/sysmem.c ****   const uint8_t *max_heap = (uint8_t *)stack_limit;
  56              		.loc 1 59 18
  57 0010 7B69     		ldr	r3, [r7, #20]
  58 0012 3B61     		str	r3, [r7, #16]
ARM GAS  /tmp//ccb8opGS.s 			page 3


  60:Core/Src/sysmem.c ****   uint8_t *prev_heap_end;
  61:Core/Src/sysmem.c **** 
  62:Core/Src/sysmem.c ****   /* Initialize heap end at first call */
  63:Core/Src/sysmem.c ****   if (NULL == __sbrk_heap_end)
  59              		.loc 1 63 12
  60 0014 134B     		ldr	r3, .L5+8
  61 0016 1B68     		ldr	r3, [r3]
  62              		.loc 1 63 6
  63 0018 002B     		cmp	r3, #0
  64 001a 02D1     		bne	.L2
  64:Core/Src/sysmem.c ****   {
  65:Core/Src/sysmem.c ****     __sbrk_heap_end = &_end;
  65              		.loc 1 65 21
  66 001c 114B     		ldr	r3, .L5+8
  67 001e 124A     		ldr	r2, .L5+12
  68 0020 1A60     		str	r2, [r3]
  69              	.L2:
  66:Core/Src/sysmem.c ****   }
  67:Core/Src/sysmem.c **** 
  68:Core/Src/sysmem.c ****   /* Protect heap from growing into the reserved MSP stack */
  69:Core/Src/sysmem.c ****   if (__sbrk_heap_end + incr > max_heap)
  70              		.loc 1 69 23
  71 0022 104B     		ldr	r3, .L5+8
  72 0024 1A68     		ldr	r2, [r3]
  73 0026 7B68     		ldr	r3, [r7, #4]
  74 0028 1344     		add	r3, r3, r2
  75              		.loc 1 69 6
  76 002a 3A69     		ldr	r2, [r7, #16]
  77 002c 9A42     		cmp	r2, r3
  78 002e 07D2     		bcs	.L3
  70:Core/Src/sysmem.c ****   {
  71:Core/Src/sysmem.c ****     errno = ENOMEM;
  79              		.loc 1 71 5
  80 0030 FFF7FEFF 		bl	__errno
  81 0034 0346     		mov	r3, r0
  82              		.loc 1 71 11 discriminator 1
  83 0036 0C22     		movs	r2, #12
  84 0038 1A60     		str	r2, [r3]
  72:Core/Src/sysmem.c ****     return (void *)-1;
  85              		.loc 1 72 12
  86 003a 4FF0FF33 		mov	r3, #-1
  87 003e 09E0     		b	.L4
  88              	.L3:
  73:Core/Src/sysmem.c ****   }
  74:Core/Src/sysmem.c **** 
  75:Core/Src/sysmem.c ****   prev_heap_end = __sbrk_heap_end;
  89              		.loc 1 75 17
  90 0040 084B     		ldr	r3, .L5+8
  91 0042 1B68     		ldr	r3, [r3]
  92 0044 FB60     		str	r3, [r7, #12]
  76:Core/Src/sysmem.c ****   __sbrk_heap_end += incr;
  93              		.loc 1 76 19
  94 0046 074B     		ldr	r3, .L5+8
  95 0048 1A68     		ldr	r2, [r3]
  96 004a 7B68     		ldr	r3, [r7, #4]
  97 004c 1344     		add	r3, r3, r2
  98 004e 054A     		ldr	r2, .L5+8
ARM GAS  /tmp//ccb8opGS.s 			page 4


  99 0050 1360     		str	r3, [r2]
  77:Core/Src/sysmem.c **** 
  78:Core/Src/sysmem.c ****   return (void *)prev_heap_end;
 100              		.loc 1 78 10
 101 0052 FB68     		ldr	r3, [r7, #12]
 102              	.L4:
  79:Core/Src/sysmem.c **** }
 103              		.loc 1 79 1
 104 0054 1846     		mov	r0, r3
 105 0056 1837     		adds	r7, r7, #24
 106              	.LCFI3:
 107              		.cfi_def_cfa_offset 8
 108 0058 BD46     		mov	sp, r7
 109              	.LCFI4:
 110              		.cfi_def_cfa_register 13
 111              		@ sp needed
 112 005a 80BD     		pop	{r7, pc}
 113              	.L6:
 114              		.align	2
 115              	.L5:
 116 005c 00000000 		.word	_estack
 117 0060 00000000 		.word	_Min_Stack_Size
 118 0064 00000000 		.word	__sbrk_heap_end
 119 0068 00000000 		.word	_end
 120              		.cfi_endproc
 121              	.LFE0:
 123              		.text
 124              	.Letext0:
 125              		.file 2 "/usr/lib/gcc/arm-none-eabi/14.2.0/include/stddef.h"
 126              		.file 3 "/usr/arm-none-eabi/include/machine/_default_types.h"
 127              		.file 4 "/usr/arm-none-eabi/include/sys/_stdint.h"
 128              		.file 5 "/usr/arm-none-eabi/include/sys/errno.h"
ARM GAS  /tmp//ccb8opGS.s 			page 5


DEFINED SYMBOLS
                            *ABS*:00000000 sysmem.c
    /tmp//ccb8opGS.s:19     .bss.__sbrk_heap_end:00000000 $d
    /tmp//ccb8opGS.s:22     .bss.__sbrk_heap_end:00000000 __sbrk_heap_end
    /tmp//ccb8opGS.s:25     .text._sbrk:00000000 $t
    /tmp//ccb8opGS.s:31     .text._sbrk:00000000 _sbrk
    /tmp//ccb8opGS.s:116    .text._sbrk:0000005c $d

UNDEFINED SYMBOLS
__errno
_estack
_Min_Stack_Size
_end
